<?xml version="1.0" encoding="utf-8"?><testsuites name="pytest tests"><testsuite name="pytest" errors="0" failures="61" skipped="0" tests="61" time="10.952" timestamp="2026-09-26T02:46:04.319741+00:00" hostname="fa83d08121c0"><testcase classname="tests.test_adversarial" name="test_perturbacao_menor_que_o_ruido_do_sensor_nao_muda_a_decisao[0.1]" time="1.506"><failure message="AssertionError: perturbação de ±0.1 °C — 10% do ruído declarado de ±1.0 °C — mudou decisões: v1: 0.2857% (12 decisões — 12 para cima, 0 para baixo); v2: 0.4286% (18 decisões — 10 para cima, 8 para baixo)&#10;assert not {'v1': {'taxa': 0.002857142857142857, 'para_cima': 12, 'para_baixo': 0}, 'v2': {'taxa': 0.004285714285714286, 'para_cima': 10, 'para_baixo': 8}}">amplitude = 0.1
_tabela_de_flip = (               timestamp id_maquina  ...  falha_72h operador_cod
0    2026-06-01 00:00:00        M01  ...          1 ...': 0.012380952380952381, 'para_cima': 29, 'para_baixo': 23}, 1.0: {'taxa': 0.025, 'para_cima': 62, 'para_baixo': 43}}})

    @pytest.mark.adversarial
    @pytest.mark.defeito
    @pytest.mark.xfail(
        strict=True,
        reason="D14 — a decisão muda com perturbação abaixo do ruído de ±1,0 °C do sensor",
    )
    @pytest.mark.parametrize("amplitude", AMPLITUDES_SUB_RUIDO)
    def test_perturbacao_menor_que_o_ruido_do_sensor_nao_muda_a_decisao(
        amplitude, _tabela_de_flip
    ):
        """Abaixo do ruído do sensor, a decisão **não pode** mudar — em nenhuma das versões.
    
        O oráculo é a taxa de flip **zero**, e não "pequena": duas leituras que o sensor não
        distingue têm de produzir a mesma ordem de manutenção. Uma taxa de 0,3 % parece
        desprezível num slide e não é: com 4.200 leituras por lote, são doze motores cuja ordem
        depende do erro de medição, e não do estado do motor.
        """
        _, _, tabela = _tabela_de_flip
    
        culpadas = {v: tabela[v][amplitude] for v in VERSOES if tabela[v][amplitude]["taxa"] &gt; 0}
        detalhe = "; ".join(
            f"{v}: {f['taxa'] * 100:.4f}% ({f['para_cima'] + f['para_baixo']} decisões — "
            f"{f['para_cima']} para cima, {f['para_baixo']} para baixo)"
            for v, f in culpadas.items()
        )
&gt;       assert not culpadas, (
            f"perturbação de ±{amplitude} °C — {amplitude / ficha.RUIDO_TEMPERATURA_C:.0%} do "
            f"ruído declarado de ±{ficha.RUIDO_TEMPERATURA_C} °C — mudou decisões: {detalhe}"
        )
E       AssertionError: perturbação de ±0.1 °C — 10% do ruído declarado de ±1.0 °C — mudou decisões: v1: 0.2857% (12 decisões — 12 para cima, 0 para baixo); v2: 0.4286% (18 decisões — 10 para cima, 8 para baixo)
E       assert not {'v1': {'taxa': 0.002857142857142857, 'para_cima': 12, 'para_baixo': 0}, 'v2': {'taxa': 0.004285714285714286, 'para_cima': 10, 'para_baixo': 8}}

tests/test_adversarial.py:104: AssertionError</failure></testcase><testcase classname="tests.test_adversarial" name="test_perturbacao_menor_que_o_ruido_do_sensor_nao_muda_a_decisao[0.2]" time="0.001"><failure message="AssertionError: perturbação de ±0.2 °C — 20% do ruído declarado de ±1.0 °C — mudou decisões: v1: 0.5714% (24 decisões — 17 para cima, 7 para baixo); v2: 1.0476% (44 decisões — 25 para cima, 19 para baixo)&#10;assert not {'v1': {'taxa': 0.005714285714285714, 'para_cima': 17, 'para_baixo': 7}, 'v2': {'taxa': 0.010476190476190476, 'para_cima': 25, 'para_baixo': 19}}">amplitude = 0.2
_tabela_de_flip = (               timestamp id_maquina  ...  falha_72h operador_cod
0    2026-06-01 00:00:00        M01  ...          1 ...': 0.012380952380952381, 'para_cima': 29, 'para_baixo': 23}, 1.0: {'taxa': 0.025, 'para_cima': 62, 'para_baixo': 43}}})

    @pytest.mark.adversarial
    @pytest.mark.defeito
    @pytest.mark.xfail(
        strict=True,
        reason="D14 — a decisão muda com perturbação abaixo do ruído de ±1,0 °C do sensor",
    )
    @pytest.mark.parametrize("amplitude", AMPLITUDES_SUB_RUIDO)
    def test_perturbacao_menor_que_o_ruido_do_sensor_nao_muda_a_decisao(
        amplitude, _tabela_de_flip
    ):
        """Abaixo do ruído do sensor, a decisão **não pode** mudar — em nenhuma das versões.
    
        O oráculo é a taxa de flip **zero**, e não "pequena": duas leituras que o sensor não
        distingue têm de produzir a mesma ordem de manutenção. Uma taxa de 0,3 % parece
        desprezível num slide e não é: com 4.200 leituras por lote, são doze motores cuja ordem
        depende do erro de medição, e não do estado do motor.
        """
        _, _, tabela = _tabela_de_flip
    
        culpadas = {v: tabela[v][amplitude] for v in VERSOES if tabela[v][amplitude]["taxa"] &gt; 0}
        detalhe = "; ".join(
            f"{v}: {f['taxa'] * 100:.4f}% ({f['para_cima'] + f['para_baixo']} decisões — "
            f"{f['para_cima']} para cima, {f['para_baixo']} para baixo)"
            for v, f in culpadas.items()
        )
&gt;       assert not culpadas, (
            f"perturbação de ±{amplitude} °C — {amplitude / ficha.RUIDO_TEMPERATURA_C:.0%} do "
            f"ruído declarado de ±{ficha.RUIDO_TEMPERATURA_C} °C — mudou decisões: {detalhe}"
        )
E       AssertionError: perturbação de ±0.2 °C — 20% do ruído declarado de ±1.0 °C — mudou decisões: v1: 0.5714% (24 decisões — 17 para cima, 7 para baixo); v2: 1.0476% (44 decisões — 25 para cima, 19 para baixo)
E       assert not {'v1': {'taxa': 0.005714285714285714, 'para_cima': 17, 'para_baixo': 7}, 'v2': {'taxa': 0.010476190476190476, 'para_cima': 25, 'para_baixo': 19}}

tests/test_adversarial.py:104: AssertionError</failure></testcase><testcase classname="tests.test_adversarial" name="test_perturbacao_menor_que_o_ruido_do_sensor_nao_muda_a_decisao[0.4]" time="0.001"><failure message="AssertionError: perturbação de ±0.4 °C — 40% do ruído declarado de ±1.0 °C — mudou decisões: v1: 1.0238% (43 decisões — 28 para cima, 15 para baixo); v2: 1.2381% (52 decisões — 29 para cima, 23 para baixo)&#10;assert not {'v1': {'taxa': 0.010238095238095239, 'para_cima': 28, 'para_baixo': 15}, 'v2': {'taxa': 0.012380952380952381, 'para_cima': 29, 'para_baixo': 23}}">amplitude = 0.4
_tabela_de_flip = (               timestamp id_maquina  ...  falha_72h operador_cod
0    2026-06-01 00:00:00        M01  ...          1 ...': 0.012380952380952381, 'para_cima': 29, 'para_baixo': 23}, 1.0: {'taxa': 0.025, 'para_cima': 62, 'para_baixo': 43}}})

    @pytest.mark.adversarial
    @pytest.mark.defeito
    @pytest.mark.xfail(
        strict=True,
        reason="D14 — a decisão muda com perturbação abaixo do ruído de ±1,0 °C do sensor",
    )
    @pytest.mark.parametrize("amplitude", AMPLITUDES_SUB_RUIDO)
    def test_perturbacao_menor_que_o_ruido_do_sensor_nao_muda_a_decisao(
        amplitude, _tabela_de_flip
    ):
        """Abaixo do ruído do sensor, a decisão **não pode** mudar — em nenhuma das versões.
    
        O oráculo é a taxa de flip **zero**, e não "pequena": duas leituras que o sensor não
        distingue têm de produzir a mesma ordem de manutenção. Uma taxa de 0,3 % parece
        desprezível num slide e não é: com 4.200 leituras por lote, são doze motores cuja ordem
        depende do erro de medição, e não do estado do motor.
        """
        _, _, tabela = _tabela_de_flip
    
        culpadas = {v: tabela[v][amplitude] for v in VERSOES if tabela[v][amplitude]["taxa"] &gt; 0}
        detalhe = "; ".join(
            f"{v}: {f['taxa'] * 100:.4f}% ({f['para_cima'] + f['para_baixo']} decisões — "
            f"{f['para_cima']} para cima, {f['para_baixo']} para baixo)"
            for v, f in culpadas.items()
        )
&gt;       assert not culpadas, (
            f"perturbação de ±{amplitude} °C — {amplitude / ficha.RUIDO_TEMPERATURA_C:.0%} do "
            f"ruído declarado de ±{ficha.RUIDO_TEMPERATURA_C} °C — mudou decisões: {detalhe}"
        )
E       AssertionError: perturbação de ±0.4 °C — 40% do ruído declarado de ±1.0 °C — mudou decisões: v1: 1.0238% (43 decisões — 28 para cima, 15 para baixo); v2: 1.2381% (52 decisões — 29 para cima, 23 para baixo)
E       assert not {'v1': {'taxa': 0.010238095238095239, 'para_cima': 28, 'para_baixo': 15}, 'v2': {'taxa': 0.012380952380952381, 'para_cima': 29, 'para_baixo': 23}}

tests/test_adversarial.py:104: AssertionError</failure></testcase><testcase classname="tests.test_adversarial" name="test_v2_nao_e_mais_instavel_que_a_v1[0.1]" time="0.001"><failure message="AssertionError: a ±0.1 °C a v2 vira 0.4286% das decisões contra 0.2857% da v1 — 1.50× mais instável (v2: 10↑/8↓; v1: 12↑/0↓)&#10;assert 0.004285714285714286 &lt;= 0.002857142857142857">amplitude = 0.1
_tabela_de_flip = (               timestamp id_maquina  ...  falha_72h operador_cod
0    2026-06-01 00:00:00        M01  ...          1 ...': 0.012380952380952381, 'para_cima': 29, 'para_baixo': 23}, 1.0: {'taxa': 0.025, 'para_cima': 62, 'para_baixo': 43}}})

    @pytest.mark.adversarial
    @pytest.mark.defeito
    @pytest.mark.xfail(
        strict=True,
        reason="D14 — a v2 vira mais decisões que a v1 sob a mesma perturbação sub-ruído",
    )
    @pytest.mark.parametrize("amplitude", AMPLITUDES_SUB_RUIDO)
    def test_v2_nao_e_mais_instavel_que_a_v1(amplitude, _tabela_de_flip):
        """A v2, que a Nortemec quer promover, não pode ser mais sensível ao erro do sensor.
    
        A v2 é a floresta mais profunda: mais cortes, mais fronteiras de decisão, e portanto
        mais chance de que uma delas passe dentro do erro de medição. Promover um modelo que
        troca robustez por acurácia é exatamente a decisão que o Bloco B já mostrou ter sido
        tomada com o instrumento errado — aqui ela aparece por um terceiro eixo.
        """
        _, _, tabela = _tabela_de_flip
        v1, v2 = tabela["v1"][amplitude], tabela["v2"][amplitude]
    
&gt;       assert v2["taxa"] &lt;= v1["taxa"], (
            f"a ±{amplitude} °C a v2 vira {v2['taxa'] * 100:.4f}% das decisões contra "
            f"{v1['taxa'] * 100:.4f}% da v1 — {v2['taxa'] / v1['taxa']:.2f}× mais instável "
            f"(v2: {v2['para_cima']}↑/{v2['para_baixo']}↓; v1: {v1['para_cima']}↑/"
            f"{v1['para_baixo']}↓)"
        )
E       AssertionError: a ±0.1 °C a v2 vira 0.4286% das decisões contra 0.2857% da v1 — 1.50× mais instável (v2: 10↑/8↓; v1: 12↑/0↓)
E       assert 0.004285714285714286 &lt;= 0.002857142857142857

tests/test_adversarial.py:177: AssertionError</failure></testcase><testcase classname="tests.test_adversarial" name="test_v2_nao_e_mais_instavel_que_a_v1[0.2]" time="0.001"><failure message="AssertionError: a ±0.2 °C a v2 vira 1.0476% das decisões contra 0.5714% da v1 — 1.83× mais instável (v2: 25↑/19↓; v1: 17↑/7↓)&#10;assert 0.010476190476190476 &lt;= 0.005714285714285714">amplitude = 0.2
_tabela_de_flip = (               timestamp id_maquina  ...  falha_72h operador_cod
0    2026-06-01 00:00:00        M01  ...          1 ...': 0.012380952380952381, 'para_cima': 29, 'para_baixo': 23}, 1.0: {'taxa': 0.025, 'para_cima': 62, 'para_baixo': 43}}})

    @pytest.mark.adversarial
    @pytest.mark.defeito
    @pytest.mark.xfail(
        strict=True,
        reason="D14 — a v2 vira mais decisões que a v1 sob a mesma perturbação sub-ruído",
    )
    @pytest.mark.parametrize("amplitude", AMPLITUDES_SUB_RUIDO)
    def test_v2_nao_e_mais_instavel_que_a_v1(amplitude, _tabela_de_flip):
        """A v2, que a Nortemec quer promover, não pode ser mais sensível ao erro do sensor.
    
        A v2 é a floresta mais profunda: mais cortes, mais fronteiras de decisão, e portanto
        mais chance de que uma delas passe dentro do erro de medição. Promover um modelo que
        troca robustez por acurácia é exatamente a decisão que o Bloco B já mostrou ter sido
        tomada com o instrumento errado — aqui ela aparece por um terceiro eixo.
        """
        _, _, tabela = _tabela_de_flip
        v1, v2 = tabela["v1"][amplitude], tabela["v2"][amplitude]
    
&gt;       assert v2["taxa"] &lt;= v1["taxa"], (
            f"a ±{amplitude} °C a v2 vira {v2['taxa'] * 100:.4f}% das decisões contra "
            f"{v1['taxa'] * 100:.4f}% da v1 — {v2['taxa'] / v1['taxa']:.2f}× mais instável "
            f"(v2: {v2['para_cima']}↑/{v2['para_baixo']}↓; v1: {v1['para_cima']}↑/"
            f"{v1['para_baixo']}↓)"
        )
E       AssertionError: a ±0.2 °C a v2 vira 1.0476% das decisões contra 0.5714% da v1 — 1.83× mais instável (v2: 25↑/19↓; v1: 17↑/7↓)
E       assert 0.010476190476190476 &lt;= 0.005714285714285714

tests/test_adversarial.py:177: AssertionError</failure></testcase><testcase classname="tests.test_adversarial" name="test_v2_nao_e_mais_instavel_que_a_v1[0.4]" time="0.001"><failure message="AssertionError: a ±0.4 °C a v2 vira 1.2381% das decisões contra 1.0238% da v1 — 1.21× mais instável (v2: 29↑/23↓; v1: 28↑/15↓)&#10;assert 0.012380952380952381 &lt;= 0.010238095238095239">amplitude = 0.4
_tabela_de_flip = (               timestamp id_maquina  ...  falha_72h operador_cod
0    2026-06-01 00:00:00        M01  ...          1 ...': 0.012380952380952381, 'para_cima': 29, 'para_baixo': 23}, 1.0: {'taxa': 0.025, 'para_cima': 62, 'para_baixo': 43}}})

    @pytest.mark.adversarial
    @pytest.mark.defeito
    @pytest.mark.xfail(
        strict=True,
        reason="D14 — a v2 vira mais decisões que a v1 sob a mesma perturbação sub-ruído",
    )
    @pytest.mark.parametrize("amplitude", AMPLITUDES_SUB_RUIDO)
    def test_v2_nao_e_mais_instavel_que_a_v1(amplitude, _tabela_de_flip):
        """A v2, que a Nortemec quer promover, não pode ser mais sensível ao erro do sensor.
    
        A v2 é a floresta mais profunda: mais cortes, mais fronteiras de decisão, e portanto
        mais chance de que uma delas passe dentro do erro de medição. Promover um modelo que
        troca robustez por acurácia é exatamente a decisão que o Bloco B já mostrou ter sido
        tomada com o instrumento errado — aqui ela aparece por um terceiro eixo.
        """
        _, _, tabela = _tabela_de_flip
        v1, v2 = tabela["v1"][amplitude], tabela["v2"][amplitude]
    
&gt;       assert v2["taxa"] &lt;= v1["taxa"], (
            f"a ±{amplitude} °C a v2 vira {v2['taxa'] * 100:.4f}% das decisões contra "
            f"{v1['taxa'] * 100:.4f}% da v1 — {v2['taxa'] / v1['taxa']:.2f}× mais instável "
            f"(v2: {v2['para_cima']}↑/{v2['para_baixo']}↓; v1: {v1['para_cima']}↑/"
            f"{v1['para_baixo']}↓)"
        )
E       AssertionError: a ±0.4 °C a v2 vira 1.2381% das decisões contra 1.0238% da v1 — 1.21× mais instável (v2: 29↑/23↓; v1: 28↑/15↓)
E       assert 0.012380952380952381 &lt;= 0.010238095238095239

tests/test_adversarial.py:177: AssertionError</failure></testcase><testcase classname="tests.test_adversarial" name="test_trocar_o_operador_senior_nao_muda_a_decisao" time="0.293"><failure message="AssertionError: trocar OP-07 por OP-03 em 1008 leituras, sem tocar em nenhum sensor, mudou: v1: 57 decisões (0↑/57↓) — 5.65% das linhas de OP-07; v2: 155 decisões (0↑/155↓) — 15.38% das linhas de OP-07. Taxa de falha observada: OP-07 0.3988 contra 0.0794 na média dos outros onze&#10;assert False&#10; +  where False = all(&lt;generator object test_trocar_o_operador_senior_nao_muda_a_decisao.&lt;locals&gt;.&lt;genexpr&gt; at 0xfc390b172dc0&gt;)">_tabela_de_flip = (               timestamp id_maquina  ...  falha_72h operador_cod
0    2026-06-01 00:00:00        M01  ...          1 ...': 0.012380952380952381, 'para_cima': 29, 'para_baixo': 23}, 1.0: {'taxa': 0.025, 'para_cima': 62, 'para_baixo': 43}}})
medicoes = {'sut': {}, 'contrato_dados': {}, 'linha_de_base': [], 'v1_v2': {}, ...}

    @pytest.mark.adversarial
    @pytest.mark.defeito
    @pytest.mark.xfail(
        strict=True,
        reason="D06 — trocar o técnico de plantão, sem tocar em sensor, faz alarme sumir",
    )
    def test_trocar_o_operador_senior_nao_muda_a_decisao(_tabela_de_flip, medicoes):
        """Trocar OP-07 por OP-03, com todos os sensores bit-idênticos, não pode mudar nada.
    
        `operador_senior` marca o técnico que a manutenção **escalou** para o motor. O próprio
        comentário do SUT entrega a causa: "o técnico sênior (OP-07) é escalado para os motores
        mais críticos da planta". Isso não é uma propriedade do motor — é o registro de que
        **alguém já suspeitou da falha**. Um modelo que se apoia nisso não prevê a falha: ele
        detecta que a organização já a percebeu, e some quando a organização ainda não percebeu,
        que é exatamente o caso em que a previsão valeria alguma coisa.
    
        O contrafactual é fisicamente coerente: mesmo motor, mesmas leituras, outro técnico de
        plantão. Nada no equipamento mudou.
        """
        limpo, base, _ = _tabela_de_flip
        alvo = limpo["id_operador"] == "OP-07"
    
        trocado = perturbacao.contrafactual(
            limpo, "id_operador", limpo["id_operador"].where(~alvo, "OP-03")
        )
        sensores = ["temperatura_c", "vibracao_rms", "pressao", "corrente_a", "rpm",
                    "horas_operacao", "idade_equipamento_meses"]
        assert all(limpo[c].equals(trocado[c]) for c in sensores), (
            "o contrafactual mexeu em algum sensor — deixaria de ser contrafactual"
        )
    
        flip = _flip_por_versao(limpo, base, trocado)
    
        # A taxa de falha por operador é o confundidor, e entra na evidência mesmo quando o
        # assert abaixo derruba o teste — por isso é gravada ANTES dele.
        por_operador = limpo.groupby("id_operador")["falha_72h"].mean().round(6)
        medicoes.setdefault("contrafactual", {})["operador"] = flip
        medicoes["contrafactual"]["taxa_falha_por_operador"] = {
            str(k): float(v) for k, v in por_operador.items()
        }
    
        n = int(alvo.sum())
        detalhe = "; ".join(
            f"{v}: {f['para_cima'] + f['para_baixo']} decisões ({f['para_cima']}↑/"
            f"{f['para_baixo']}↓) — {(f['para_cima'] + f['para_baixo']) / n:.2%} das linhas de OP-07"
            for v, f in flip.items()
        )
&gt;       assert all(f["taxa"] == 0 for f in flip.values()), (
            f"trocar OP-07 por OP-03 em {n} leituras, sem tocar em nenhum sensor, mudou: "
            f"{detalhe}. Taxa de falha observada: OP-07 {por_operador['OP-07']:.4f} contra "
            f"{por_operador.drop('OP-07').mean():.4f} na média dos outros onze"
        )
E       AssertionError: trocar OP-07 por OP-03 em 1008 leituras, sem tocar em nenhum sensor, mudou: v1: 57 decisões (0↑/57↓) — 5.65% das linhas de OP-07; v2: 155 decisões (0↑/155↓) — 15.38% das linhas de OP-07. Taxa de falha observada: OP-07 0.3988 contra 0.0794 na média dos outros onze
E       assert False
E        +  where False = all(&lt;generator object test_trocar_o_operador_senior_nao_muda_a_decisao.&lt;locals&gt;.&lt;genexpr&gt; at 0xfc390b172dc0&gt;)

tests/test_adversarial.py:304: AssertionError</failure></testcase><testcase classname="tests.test_adversarial" name="test_trocar_o_turno_nao_muda_a_decisao[1]" time="0.300"><failure message="AssertionError: reetiquetar 2800 leituras para o turno 1, sem tocar em nenhum sensor e sem mexer no timestamp, mudou: v1: 3 decisões (1↑/2↓); v2: 8 decisões (6↑/2↓). E `turno` é função da hora do timestamp, logo não traz informação física nova. Taxa de falha por turno: {1: 0.16, 2: 0.155, 3: 0.152857} — faixa de apenas 0.0071 (0.71 p.p.), sem confundidor que explique a dependência&#10;assert False&#10; +  where False = all(&lt;generator object test_trocar_o_turno_nao_muda_a_decisao.&lt;locals&gt;.&lt;genexpr&gt; at 0xfc390b554380&gt;)">destino = 1
_tabela_de_flip = (               timestamp id_maquina  ...  falha_72h operador_cod
0    2026-06-01 00:00:00        M01  ...          1 ...': 0.012380952380952381, 'para_cima': 29, 'para_baixo': 23}, 1.0: {'taxa': 0.025, 'para_cima': 62, 'para_baixo': 43}}})
medicoes = {'sut': {}, 'contrato_dados': {}, 'linha_de_base': [], 'v1_v2': {}, ...}

    @pytest.mark.adversarial
    @pytest.mark.defeito
    @pytest.mark.xfail(
        strict=True,
        reason="D24 — `turno` é função da hora do timestamp e ainda assim move a decisão: "
               "até 10 flips sem confundidor (faixa de 0,71 p.p. entre turnos)",
    )
    @pytest.mark.parametrize("destino", (1, 2, 3))
    def test_trocar_o_turno_nao_muda_a_decisao(destino, _tabela_de_flip, medicoes):
        """Reetiquetar o turno, com todos os sensores bit-idênticos, não pode mudar nada.
    
        `turno` é a 13ª feature de `ORDEM_FEATURES`, e é a única das treze que nunca teve teste
        nem exclusão justificada. O guia do aluno fecha o bullet dos contrafactuais com *"quais
        campos entram nessa categoria?"* — e este é o caso mais limpo de todos, porque a resposta
        é verificável dentro do próprio dado em vez de depender de um argumento causal.
    
        **`turno` é função determinística da hora do `timestamp`**: 0–7 → 1, 8–15 → 2, 16–23 → 3,
        sem uma exceção em 4.200 linhas (o assert de premissa abaixo mede isso e derruba o teste
        se deixar de valer). Ou seja, a coluna é uma **reetiquetagem do relógio** — não traz um
        bit de informação física que o timestamp já não trouxesse, e o timestamp o modelo já usa
        para montar as janelas móveis. Um motor não falha porque é o turno 2.
    
        O contraste com D06 é o que dá peso ao achado. Lá havia um confundidor forte e medido:
        OP-07 falha 0,3988 contra 0,0794 dos outros, então era *explicável* que o modelo se
        apoiasse nele — errado, mas explicável. Aqui a taxa de falha é praticamente plana entre
        os turnos (0,1600 / 0,1550 / 0,1529, uma faixa de 0,71 p.p.), e mesmo assim a decisão se
        move. Não há sinal para o modelo estar lendo: ele está lendo ruído de uma coluna
        redundante.
    
        O contrafactual mexe **só** em `turno` e deixa o `timestamp` intacto de propósito. Isso
        produz uma linha que a planta não emitiria — e essa é a segunda leitura do mesmo achado:
        nada no serving percebe a incoerência, na mesma família de D21.
        """
        limpo, base, _ = _tabela_de_flip
    
        hora = pd.to_datetime(limpo["timestamp"]).dt.hour
        ambiguas = int((limpo.groupby(hora)["turno"].nunique() &gt; 1).sum())
        assert ambiguas == 0, (
            f"premissa do oráculo quebrada: {ambiguas} horas do dia mapeiam para mais de um "
            f"turno. Se `turno` deixou de ser função da hora, ele pode carregar informação "
            f"própria e este contrafactual precisa ser redesenhado"
        )
    
        alvo = limpo["turno"] != destino
        trocado = perturbacao.contrafactual(
            limpo, "turno", limpo["turno"].where(~alvo, destino)
        )
        sensores = ["temperatura_c", "vibracao_rms", "pressao", "corrente_a", "rpm",
                    "horas_operacao", "idade_equipamento_meses"]
        assert all(limpo[c].equals(trocado[c]) for c in sensores), (
            "o contrafactual mexeu em algum sensor — deixaria de ser contrafactual"
        )
    
        flip = _flip_por_versao(limpo, base, trocado)
    
        por_turno = limpo.groupby("turno")["falha_72h"].mean().round(6)
        medicoes.setdefault("contrafactual", {}).setdefault("turno", {})[str(destino)] = flip
        medicoes["contrafactual"]["taxa_falha_por_turno"] = {
            str(k): float(v) for k, v in por_turno.items()
        }
    
        n = int(alvo.sum())
        detalhe = "; ".join(
            f"{v}: {f['para_cima'] + f['para_baixo']} decisões "
            f"({f['para_cima']}↑/{f['para_baixo']}↓)"
            for v, f in flip.items()
        )
        faixa = por_turno.max() - por_turno.min()
&gt;       assert all(f["taxa"] == 0 for f in flip.values()), (
            f"reetiquetar {n} leituras para o turno {destino}, sem tocar em nenhum sensor e "
            f"sem mexer no timestamp, mudou: {detalhe}. E `turno` é função da hora do "
            f"timestamp, logo não traz informação física nova. Taxa de falha por turno: "
            f"{por_turno.to_dict()} — faixa de apenas {faixa:.4f} ({faixa * 100:.2f} p.p.), "
            f"sem confundidor que explique a dependência"
        )
E       AssertionError: reetiquetar 2800 leituras para o turno 1, sem tocar em nenhum sensor e sem mexer no timestamp, mudou: v1: 3 decisões (1↑/2↓); v2: 8 decisões (6↑/2↓). E `turno` é função da hora do timestamp, logo não traz informação física nova. Taxa de falha por turno: {1: 0.16, 2: 0.155, 3: 0.152857} — faixa de apenas 0.0071 (0.71 p.p.), sem confundidor que explique a dependência
E       assert False
E        +  where False = all(&lt;generator object test_trocar_o_turno_nao_muda_a_decisao.&lt;locals&gt;.&lt;genexpr&gt; at 0xfc390b554380&gt;)

tests/test_adversarial.py:382: AssertionError</failure></testcase><testcase classname="tests.test_adversarial" name="test_trocar_o_turno_nao_muda_a_decisao[2]" time="0.298"><failure message="AssertionError: reetiquetar 2800 leituras para o turno 2, sem tocar em nenhum sensor e sem mexer no timestamp, mudou: v1: 1 decisões (1↑/0↓); v2: 10 decisões (3↑/7↓). E `turno` é função da hora do timestamp, logo não traz informação física nova. Taxa de falha por turno: {1: 0.16, 2: 0.155, 3: 0.152857} — faixa de apenas 0.0071 (0.71 p.p.), sem confundidor que explique a dependência&#10;assert False&#10; +  where False = all(&lt;generator object test_trocar_o_turno_nao_muda_a_decisao.&lt;locals&gt;.&lt;genexpr&gt; at 0xfc390b225cb0&gt;)">destino = 2
_tabela_de_flip = (               timestamp id_maquina  ...  falha_72h operador_cod
0    2026-06-01 00:00:00        M01  ...          1 ...': 0.012380952380952381, 'para_cima': 29, 'para_baixo': 23}, 1.0: {'taxa': 0.025, 'para_cima': 62, 'para_baixo': 43}}})
medicoes = {'sut': {}, 'contrato_dados': {}, 'linha_de_base': [], 'v1_v2': {}, ...}

    @pytest.mark.adversarial
    @pytest.mark.defeito
    @pytest.mark.xfail(
        strict=True,
        reason="D24 — `turno` é função da hora do timestamp e ainda assim move a decisão: "
               "até 10 flips sem confundidor (faixa de 0,71 p.p. entre turnos)",
    )
    @pytest.mark.parametrize("destino", (1, 2, 3))
    def test_trocar_o_turno_nao_muda_a_decisao(destino, _tabela_de_flip, medicoes):
        """Reetiquetar o turno, com todos os sensores bit-idênticos, não pode mudar nada.
    
        `turno` é a 13ª feature de `ORDEM_FEATURES`, e é a única das treze que nunca teve teste
        nem exclusão justificada. O guia do aluno fecha o bullet dos contrafactuais com *"quais
        campos entram nessa categoria?"* — e este é o caso mais limpo de todos, porque a resposta
        é verificável dentro do próprio dado em vez de depender de um argumento causal.
    
        **`turno` é função determinística da hora do `timestamp`**: 0–7 → 1, 8–15 → 2, 16–23 → 3,
        sem uma exceção em 4.200 linhas (o assert de premissa abaixo mede isso e derruba o teste
        se deixar de valer). Ou seja, a coluna é uma **reetiquetagem do relógio** — não traz um
        bit de informação física que o timestamp já não trouxesse, e o timestamp o modelo já usa
        para montar as janelas móveis. Um motor não falha porque é o turno 2.
    
        O contraste com D06 é o que dá peso ao achado. Lá havia um confundidor forte e medido:
        OP-07 falha 0,3988 contra 0,0794 dos outros, então era *explicável* que o modelo se
        apoiasse nele — errado, mas explicável. Aqui a taxa de falha é praticamente plana entre
        os turnos (0,1600 / 0,1550 / 0,1529, uma faixa de 0,71 p.p.), e mesmo assim a decisão se
        move. Não há sinal para o modelo estar lendo: ele está lendo ruído de uma coluna
        redundante.
    
        O contrafactual mexe **só** em `turno` e deixa o `timestamp` intacto de propósito. Isso
        produz uma linha que a planta não emitiria — e essa é a segunda leitura do mesmo achado:
        nada no serving percebe a incoerência, na mesma família de D21.
        """
        limpo, base, _ = _tabela_de_flip
    
        hora = pd.to_datetime(limpo["timestamp"]).dt.hour
        ambiguas = int((limpo.groupby(hora)["turno"].nunique() &gt; 1).sum())
        assert ambiguas == 0, (
            f"premissa do oráculo quebrada: {ambiguas} horas do dia mapeiam para mais de um "
            f"turno. Se `turno` deixou de ser função da hora, ele pode carregar informação "
            f"própria e este contrafactual precisa ser redesenhado"
        )
    
        alvo = limpo["turno"] != destino
        trocado = perturbacao.contrafactual(
            limpo, "turno", limpo["turno"].where(~alvo, destino)
        )
        sensores = ["temperatura_c", "vibracao_rms", "pressao", "corrente_a", "rpm",
                    "horas_operacao", "idade_equipamento_meses"]
        assert all(limpo[c].equals(trocado[c]) for c in sensores), (
            "o contrafactual mexeu em algum sensor — deixaria de ser contrafactual"
        )
    
        flip = _flip_por_versao(limpo, base, trocado)
    
        por_turno = limpo.groupby("turno")["falha_72h"].mean().round(6)
        medicoes.setdefault("contrafactual", {}).setdefault("turno", {})[str(destino)] = flip
        medicoes["contrafactual"]["taxa_falha_por_turno"] = {
            str(k): float(v) for k, v in por_turno.items()
        }
    
        n = int(alvo.sum())
        detalhe = "; ".join(
            f"{v}: {f['para_cima'] + f['para_baixo']} decisões "
            f"({f['para_cima']}↑/{f['para_baixo']}↓)"
            for v, f in flip.items()
        )
        faixa = por_turno.max() - por_turno.min()
&gt;       assert all(f["taxa"] == 0 for f in flip.values()), (
            f"reetiquetar {n} leituras para o turno {destino}, sem tocar em nenhum sensor e "
            f"sem mexer no timestamp, mudou: {detalhe}. E `turno` é função da hora do "
            f"timestamp, logo não traz informação física nova. Taxa de falha por turno: "
            f"{por_turno.to_dict()} — faixa de apenas {faixa:.4f} ({faixa * 100:.2f} p.p.), "
            f"sem confundidor que explique a dependência"
        )
E       AssertionError: reetiquetar 2800 leituras para o turno 2, sem tocar em nenhum sensor e sem mexer no timestamp, mudou: v1: 1 decisões (1↑/0↓); v2: 10 decisões (3↑/7↓). E `turno` é função da hora do timestamp, logo não traz informação física nova. Taxa de falha por turno: {1: 0.16, 2: 0.155, 3: 0.152857} — faixa de apenas 0.0071 (0.71 p.p.), sem confundidor que explique a dependência
E       assert False
E        +  where False = all(&lt;generator object test_trocar_o_turno_nao_muda_a_decisao.&lt;locals&gt;.&lt;genexpr&gt; at 0xfc390b225cb0&gt;)

tests/test_adversarial.py:382: AssertionError</failure></testcase><testcase classname="tests.test_adversarial" name="test_trocar_o_turno_nao_muda_a_decisao[3]" time="0.299"><failure message="AssertionError: reetiquetar 2800 leituras para o turno 3, sem tocar em nenhum sensor e sem mexer no timestamp, mudou: v1: 3 decisões (2↑/1↓); v2: 9 decisões (1↑/8↓). E `turno` é função da hora do timestamp, logo não traz informação física nova. Taxa de falha por turno: {1: 0.16, 2: 0.155, 3: 0.152857} — faixa de apenas 0.0071 (0.71 p.p.), sem confundidor que explique a dependência&#10;assert False&#10; +  where False = all(&lt;generator object test_trocar_o_turno_nao_muda_a_decisao.&lt;locals&gt;.&lt;genexpr&gt; at 0xfc390b989490&gt;)">destino = 3
_tabela_de_flip = (               timestamp id_maquina  ...  falha_72h operador_cod
0    2026-06-01 00:00:00        M01  ...          1 ...': 0.012380952380952381, 'para_cima': 29, 'para_baixo': 23}, 1.0: {'taxa': 0.025, 'para_cima': 62, 'para_baixo': 43}}})
medicoes = {'sut': {}, 'contrato_dados': {}, 'linha_de_base': [], 'v1_v2': {}, ...}

    @pytest.mark.adversarial
    @pytest.mark.defeito
    @pytest.mark.xfail(
        strict=True,
        reason="D24 — `turno` é função da hora do timestamp e ainda assim move a decisão: "
               "até 10 flips sem confundidor (faixa de 0,71 p.p. entre turnos)",
    )
    @pytest.mark.parametrize("destino", (1, 2, 3))
    def test_trocar_o_turno_nao_muda_a_decisao(destino, _tabela_de_flip, medicoes):
        """Reetiquetar o turno, com todos os sensores bit-idênticos, não pode mudar nada.
    
        `turno` é a 13ª feature de `ORDEM_FEATURES`, e é a única das treze que nunca teve teste
        nem exclusão justificada. O guia do aluno fecha o bullet dos contrafactuais com *"quais
        campos entram nessa categoria?"* — e este é o caso mais limpo de todos, porque a resposta
        é verificável dentro do próprio dado em vez de depender de um argumento causal.
    
        **`turno` é função determinística da hora do `timestamp`**: 0–7 → 1, 8–15 → 2, 16–23 → 3,
        sem uma exceção em 4.200 linhas (o assert de premissa abaixo mede isso e derruba o teste
        se deixar de valer). Ou seja, a coluna é uma **reetiquetagem do relógio** — não traz um
        bit de informação física que o timestamp já não trouxesse, e o timestamp o modelo já usa
        para montar as janelas móveis. Um motor não falha porque é o turno 2.
    
        O contraste com D06 é o que dá peso ao achado. Lá havia um confundidor forte e medido:
        OP-07 falha 0,3988 contra 0,0794 dos outros, então era *explicável* que o modelo se
        apoiasse nele — errado, mas explicável. Aqui a taxa de falha é praticamente plana entre
        os turnos (0,1600 / 0,1550 / 0,1529, uma faixa de 0,71 p.p.), e mesmo assim a decisão se
        move. Não há sinal para o modelo estar lendo: ele está lendo ruído de uma coluna
        redundante.
    
        O contrafactual mexe **só** em `turno` e deixa o `timestamp` intacto de propósito. Isso
        produz uma linha que a planta não emitiria — e essa é a segunda leitura do mesmo achado:
        nada no serving percebe a incoerência, na mesma família de D21.
        """
        limpo, base, _ = _tabela_de_flip
    
        hora = pd.to_datetime(limpo["timestamp"]).dt.hour
        ambiguas = int((limpo.groupby(hora)["turno"].nunique() &gt; 1).sum())
        assert ambiguas == 0, (
            f"premissa do oráculo quebrada: {ambiguas} horas do dia mapeiam para mais de um "
            f"turno. Se `turno` deixou de ser função da hora, ele pode carregar informação "
            f"própria e este contrafactual precisa ser redesenhado"
        )
    
        alvo = limpo["turno"] != destino
        trocado = perturbacao.contrafactual(
            limpo, "turno", limpo["turno"].where(~alvo, destino)
        )
        sensores = ["temperatura_c", "vibracao_rms", "pressao", "corrente_a", "rpm",
                    "horas_operacao", "idade_equipamento_meses"]
        assert all(limpo[c].equals(trocado[c]) for c in sensores), (
            "o contrafactual mexeu em algum sensor — deixaria de ser contrafactual"
        )
    
        flip = _flip_por_versao(limpo, base, trocado)
    
        por_turno = limpo.groupby("turno")["falha_72h"].mean().round(6)
        medicoes.setdefault("contrafactual", {}).setdefault("turno", {})[str(destino)] = flip
        medicoes["contrafactual"]["taxa_falha_por_turno"] = {
            str(k): float(v) for k, v in por_turno.items()
        }
    
        n = int(alvo.sum())
        detalhe = "; ".join(
            f"{v}: {f['para_cima'] + f['para_baixo']} decisões "
            f"({f['para_cima']}↑/{f['para_baixo']}↓)"
            for v, f in flip.items()
        )
        faixa = por_turno.max() - por_turno.min()
&gt;       assert all(f["taxa"] == 0 for f in flip.values()), (
            f"reetiquetar {n} leituras para o turno {destino}, sem tocar em nenhum sensor e "
            f"sem mexer no timestamp, mudou: {detalhe}. E `turno` é função da hora do "
            f"timestamp, logo não traz informação física nova. Taxa de falha por turno: "
            f"{por_turno.to_dict()} — faixa de apenas {faixa:.4f} ({faixa * 100:.2f} p.p.), "
            f"sem confundidor que explique a dependência"
        )
E       AssertionError: reetiquetar 2800 leituras para o turno 3, sem tocar em nenhum sensor e sem mexer no timestamp, mudou: v1: 3 decisões (2↑/1↓); v2: 9 decisões (1↑/8↓). E `turno` é função da hora do timestamp, logo não traz informação física nova. Taxa de falha por turno: {1: 0.16, 2: 0.155, 3: 0.152857} — faixa de apenas 0.0071 (0.71 p.p.), sem confundidor que explique a dependência
E       assert False
E        +  where False = all(&lt;generator object test_trocar_o_turno_nao_muda_a_decisao.&lt;locals&gt;.&lt;genexpr&gt; at 0xfc390b989490&gt;)

tests/test_adversarial.py:382: AssertionError</failure></testcase><testcase classname="tests.test_adversarial" name="test_converter_a_pressao_para_a_outra_unidade_nao_muda_a_decisao" time="0.293"><failure message="AssertionError: converter 2856 leituras de bar para psi — multiplicando por 14.5038 e declarando a unidade — mudou: v1: 24 decisões (5↑/19↓); v2: 83 decisões (71↑/12↓). A pressão física é a mesma; só o rótulo da unidade mudou&#10;assert False&#10; +  where False = all(&lt;generator object test_converter_a_pressao_para_a_outra_unidade_nao_muda_a_decisao.&lt;locals&gt;.&lt;genexpr&gt; at 0xfc390b871970&gt;)">_tabela_de_flip = (               timestamp id_maquina  ...  falha_72h operador_cod
0    2026-06-01 00:00:00        M01  ...          1 ...': 0.012380952380952381, 'para_cima': 29, 'para_baixo': 23}, 1.0: {'taxa': 0.025, 'para_cima': 62, 'para_baixo': 43}}})
medicoes = {'sut': {}, 'contrato_dados': {}, 'linha_de_base': [], 'v1_v2': {}, ...}

    @pytest.mark.adversarial
    @pytest.mark.defeito
    @pytest.mark.xfail(
        strict=True,
        reason="D03 — a mesma pressão física em psi e em bar produz decisões diferentes",
    )
    def test_converter_a_pressao_para_a_outra_unidade_nao_muda_a_decisao(
        _tabela_de_flip, medicoes
    ):
        """A mesma pressão física, reportada em psi ou em bar, tem de dar a mesma decisão.
    
        Teste **metamórfico de unidade**, no espírito do Mars Climate Orbiter da aula 3: a
        transformação preserva a grandeza física e a saída tem de ser invariante a ela.
        `limpar` normaliza `unidade_pressao` para minúsculas e **nunca a usa para converter**;
        `construir` consome `pressao` crua. O resultado é que a coluna mistura duas escalas —
        bar por volta de 3,9 e psi por volta de 56,5 — e a floresta aprendeu a cortar entre
        elas. Ela não mede pressão: ela detecta o fabricante do CLP.
        """
        limpo, base, _ = _tabela_de_flip
        em_bar = limpo["unidade_pressao"] == "bar"
    
        convertido = perturbacao.contrafactual(
            limpo,
            "pressao",
            limpo["pressao"].where(~em_bar, limpo["pressao"] * ficha.FATOR_PSI_POR_BAR),
        )
        convertido = perturbacao.contrafactual(
            convertido, "unidade_pressao", limpo["unidade_pressao"].where(~em_bar, "psi")
        )
    
        flip = _flip_por_versao(limpo, base, convertido)
        medicoes.setdefault("contrafactual", {})["pressao_unidade"] = flip
    
        n = int(em_bar.sum())
        detalhe = "; ".join(
            f"{v}: {f['para_cima'] + f['para_baixo']} decisões ({f['para_cima']}↑/{f['para_baixo']}↓)"
            for v, f in flip.items()
        )
&gt;       assert all(f["taxa"] == 0 for f in flip.values()), (
            f"converter {n} leituras de bar para psi — multiplicando por "
            f"{ficha.FATOR_PSI_POR_BAR} e declarando a unidade — mudou: {detalhe}. "
            "A pressão física é a mesma; só o rótulo da unidade mudou"
        )
E       AssertionError: converter 2856 leituras de bar para psi — multiplicando por 14.5038 e declarando a unidade — mudou: v1: 24 decisões (5↑/19↓); v2: 83 decisões (71↑/12↓). A pressão física é a mesma; só o rótulo da unidade mudou
E       assert False
E        +  where False = all(&lt;generator object test_converter_a_pressao_para_a_outra_unidade_nao_muda_a_decisao.&lt;locals&gt;.&lt;genexpr&gt; at 0xfc390b871970&gt;)

tests/test_adversarial.py:429: AssertionError</failure></testcase><testcase classname="tests.test_adversarial" name="test_dropout_de_vibracao_nao_muda_as_decisoes_da_janela" time="0.293"><failure message="AssertionError: trocar a constante de imputação de 0,0 para 1.2 mm/s — o mínimo físico da ficha — nas 408 leituras ausentes (9.71% do lote) mudou: v1: 10 decisões (8↑/2↓); v2: 29 decisões (22↑/7↓). Nenhuma medição nova entrou; só o número que tapa o buraco&#10;assert False&#10; +  where False = all(&lt;generator object test_dropout_de_vibracao_nao_muda_as_decisoes_da_janela.&lt;locals&gt;.&lt;genexpr&gt; at 0xfc390b978520&gt;)">_tabela_de_flip = (               timestamp id_maquina  ...  falha_72h operador_cod
0    2026-06-01 00:00:00        M01  ...          1 ...': 0.012380952380952381, 'para_cima': 29, 'para_baixo': 23}, 1.0: {'taxa': 0.025, 'para_cima': 62, 'para_baixo': 43}}})
medicoes = {'sut': {}, 'contrato_dados': {}, 'linha_de_base': [], 'v1_v2': {}, ...}

    @pytest.mark.adversarial
    @pytest.mark.defeito
    @pytest.mark.xfail(
        strict=True,
        reason="D04 — a constante que imputa a vibração ausente decide ordens de manutenção",
    )
    def test_dropout_de_vibracao_nao_muda_as_decisoes_da_janela(_tabela_de_flip, medicoes):
        """O valor com que se tapa o buraco do sensor não pode decidir nada.
    
        `limpar` preenche a vibração ausente com `0,0` — um valor **fora** da faixa física de
        1,2 a 8,0 mm/s da ficha técnica. Não é um número neutro: para o modelo, "o sensor
        falhou" fica indistinguível de "o eixo parou", e a leitura viaja por até 24 h de janela
        móvel a partir do buraco.
    
        O oráculo não pergunta se perder uma leitura muda alguma coisa — perder informação pode
        legitimamente mudar. Ele pergunta **se a constante de imputação decide**: as mesmas
        leituras ausentes, preenchidas com o mínimo físico da ficha em vez de 0,0, têm de
        produzir as mesmas ordens de manutenção. O mínimo da ficha é a escolha mais conservadora
        possível — é o valor válido mais próximo de 0,0 —, então qualquer flip aqui é o piso do
        efeito, não o teto.
    
        O dropout não é hipotético: o historiador já entregou este lote com ~9,7 % das leituras
        de vibração ausentes.
        """
        limpo, base, _ = _tabela_de_flip
        faixa = ficha.FICHA["vibracao_rms"]
        imputadas = limpo["vibracao_rms"] == 0.0
    
        reimputado = perturbacao.contrafactual(
            limpo, "vibracao_rms", limpo["vibracao_rms"].where(~imputadas, faixa.minimo)
        )
    
        flip = _flip_por_versao(limpo, base, reimputado)
        medicoes.setdefault("contrafactual", {})["dropout_vibracao"] = flip
    
        n = int(imputadas.sum())
        detalhe = "; ".join(
            f"{v}: {f['para_cima'] + f['para_baixo']} decisões ({f['para_cima']}↑/{f['para_baixo']}↓)"
            for v, f in flip.items()
        )
&gt;       assert all(f["taxa"] == 0 for f in flip.values()), (
            f"trocar a constante de imputação de 0,0 para {faixa.minimo} mm/s — o mínimo "
            f"físico da ficha — nas {n} leituras ausentes ({n / len(limpo):.2%} do lote) "
            f"mudou: {detalhe}. Nenhuma medição nova entrou; só o número que tapa o buraco"
        )
E       AssertionError: trocar a constante de imputação de 0,0 para 1.2 mm/s — o mínimo físico da ficha — nas 408 leituras ausentes (9.71% do lote) mudou: v1: 10 decisões (8↑/2↓); v2: 29 decisões (22↑/7↓). Nenhuma medição nova entrou; só o número que tapa o buraco
E       assert False
E        +  where False = all(&lt;generator object test_dropout_de_vibracao_nao_muda_as_decisoes_da_janela.&lt;locals&gt;.&lt;genexpr&gt; at 0xfc390b978520&gt;)

tests/test_adversarial.py:476: AssertionError</failure></testcase><testcase classname="tests.test_adversarial_limites" name="test_lote_com_uma_linha_nao_produz_maquina_risco_degenerado" time="0.028"><failure message="AssertionError: um lote de uma linha rotulada faz `maquina_risco` virar o próprio rótulo — rótulo 0: maquina_risco = 0.0 (tabela congelada de M01: 0.108631); rótulo 1: maquina_risco = 1.0 (tabela congelada de M01: 0.108631). A faixa que o modelo viu no treino é [0.0; 0.214286]&#10;assert False&#10; +  where False = all(&lt;generator object test_lote_com_uma_linha_nao_produz_maquina_risco_degenerado.&lt;locals&gt;.&lt;genexpr&gt; at 0xfc390b15e6b0&gt;)">@pytest.mark.adversarial
    @pytest.mark.defeito
    @pytest.mark.xfail(
        strict=True,
        reason="D15 — num lote de uma linha `maquina_risco` vira o próprio rótulo",
    )
    def test_lote_com_uma_linha_nao_produz_maquina_risco_degenerado():
        """Num lote de uma linha rotulada, `maquina_risco` vira o próprio rótulo.
    
        `_risco_por_maquina` faz `groupby("id_maquina")["falha_72h"].transform("mean")` quando a
        coluna de rótulo está presente. Com **uma** linha, a média do grupo é o valor daquela
        linha: o alvo entra inteiro na feature. É D02 na sua forma mais extrema, e a consequência
        é numérica além de conceitual — com rótulo 1 a feature vale **1,0**, quase cinco vezes o
        maior valor que o modelo viu no treino.
    
        O oráculo compara com o que o painel legitimamente teria: o valor da tabela congelada
        para aquele motor.
        """
        piso, teto = _faixa_de_treino_do_risco()
        tabela = sn.features.risco_congelado()
        observados = {}
    
        for rotulo in (0, 1):
            uma = fabrica.lote_de_uma_linha()
            uma["falha_72h"] = rotulo
            motor = uma["id_maquina"].iloc[0]
            X = sn.features.construir(sn.preprocessamento.limpar(uma))
            observados[rotulo] = (float(X["maquina_risco"].iloc[0]), motor)
    
        esperado = {r: tabela[m] for r, (_, m) in observados.items()}
        detalhe = "; ".join(
            f"rótulo {r}: maquina_risco = {v} (tabela congelada de {m}: {esperado[r]})"
            for r, (v, m) in observados.items()
        )
&gt;       assert all(v == esperado[r] for r, (v, _) in observados.items()), (
            f"um lote de uma linha rotulada faz `maquina_risco` virar o próprio rótulo — "
            f"{detalhe}. A faixa que o modelo viu no treino é [{piso}; {teto}]"
        )
E       AssertionError: um lote de uma linha rotulada faz `maquina_risco` virar o próprio rótulo — rótulo 0: maquina_risco = 0.0 (tabela congelada de M01: 0.108631); rótulo 1: maquina_risco = 1.0 (tabela congelada de M01: 0.108631). A faixa que o modelo viu no treino é [0.0; 0.214286]
E       assert False
E        +  where False = all(&lt;generator object test_lote_com_uma_linha_nao_produz_maquina_risco_degenerado.&lt;locals&gt;.&lt;genexpr&gt; at 0xfc390b15e6b0&gt;)

tests/test_adversarial_limites.py:118: AssertionError</failure></testcase><testcase classname="tests.test_adversarial_limites" name="test_lote_vazio_levanta_erro_claro" time="0.012"><failure message="Failed: o pipeline aceitou um lote vazio e devolveu um quadro de (0, 5) sem levantar nada: 'sem dado' fica indistinguível de 'sem risco'">@pytest.mark.adversarial
    @pytest.mark.defeito
    @pytest.mark.xfail(
        strict=True,
        reason="D15 — lote vazio devolve quadro vazio em silêncio, sem erro claro",
    )
    def test_lote_vazio_levanta_erro_claro():
        """Um lote vazio tem de levantar `ValueError`, não devolver um quadro vazio em silêncio.
    
        É o caso que acontece de verdade: o historiador não respondeu, ou o filtro do turno não
        casou com nada. Devolver zero linhas sem reclamar significa que o painel da sala de
        controle mostra "nenhuma ordem de manutenção" — indistinguível de "nenhum motor em
        risco". As duas situações exigem ações opostas do operador.
        """
        vazio = fabrica.lote_vazio()
        assert len(vazio) == 0
    
        with pytest.raises(ValueError):
            saida = sn.pipeline.executar(vazio)
&gt;           pytest.fail(
                f"o pipeline aceitou um lote vazio e devolveu um quadro de {saida.shape} "
                "sem levantar nada: 'sem dado' fica indistinguível de 'sem risco'"
            )
E           Failed: o pipeline aceitou um lote vazio e devolveu um quadro de (0, 5) sem levantar nada: 'sem dado' fica indistinguível de 'sem risco'

tests/test_adversarial_limites.py:143: Failed</failure></testcase><testcase classname="tests.test_adversarial_limites" name="test_leitura_fisicamente_impossivel_e_rejeitada_antes_da_inferencia" time="0.056"><failure message="AssertionError: o ponto de serving aceitou leitura fisicamente impossível e emitiu decisão: temperatura_c=500.0 (faixa da ficha: 45.0–95.0 °C) → probabilidade 0.429606; pressao=-3.0 (faixa da ficha: 3.0–4.5 bar) → probabilidade 0.048447&#10;assert not ['temperatura_c=500.0 (faixa da ficha: 45.0–95.0 °C) → probabilidade 0.429606', 'pressao=-3.0 (faixa da ficha: 3.0–4.5 bar) → probabilidade 0.048447']">@pytest.mark.adversarial
    @pytest.mark.defeito
    @pytest.mark.xfail(
        strict=True,
        reason="D21 — o serving aceita leitura fora da faixa física e emite probabilidade",
    )
    def test_leitura_fisicamente_impossivel_e_rejeitada_antes_da_inferencia():
        """500 °C, pressão negativa: o serving tem de recusar, não emitir probabilidade.
    
        `Modelo._matriz` confere forma e finitude — e nada mais (SPEC P5). Um termopar em curto
        reporta 500 °C; a ficha técnica declara a faixa 45–95 °C. O SUT aceita, constrói as
        features e devolve um número com três casas decimais, que o painel exibe ao operador
        como se fosse uma medição.
    
        É exatamente a lição do `mode='serve'` da aula 3: a validação que existe (a ficha) nunca
        é chamada no ponto em que a decisão é tomada.
        """
        impossiveis = [("temperatura_c", 500.0), ("pressao", -3.0)]
        aceitas = []
    
        for coluna, valor in impossiveis:
            faixa = ficha.FICHA[coluna]
            lote = fabrica.com_leitura_fora_de_faixa(
                fabrica.lote(n_maquinas=2, n_horas=48), coluna, valor
            )
            try:
                saida = sn.pipeline.executar(lote)
            except ValueError:
                continue
            aceitas.append(
                f"{coluna}={valor} (faixa da ficha: {faixa.minimo}–{faixa.maximo} "
                f"{faixa.unidade}) → probabilidade {saida['probabilidade'].iloc[0]:.6f}"
            )
    
&gt;       assert not aceitas, (
            "o ponto de serving aceitou leitura fisicamente impossível e emitiu decisão: "
            + "; ".join(aceitas)
        )
E       AssertionError: o ponto de serving aceitou leitura fisicamente impossível e emitiu decisão: temperatura_c=500.0 (faixa da ficha: 45.0–95.0 °C) → probabilidade 0.429606; pressao=-3.0 (faixa da ficha: 3.0–4.5 bar) → probabilidade 0.048447
E       assert not ['temperatura_c=500.0 (faixa da ficha: 45.0–95.0 °C) → probabilidade 0.429606', 'pressao=-3.0 (faixa da ficha: 3.0–4.5 bar) → probabilidade 0.048447']

tests/test_adversarial_limites.py:183: AssertionError</failure></testcase><testcase classname="tests.test_adversarial_limites" name="test_lote_com_leitura_duplicada_nao_dobra_o_peso_na_janela" time="0.028"><failure message="AssertionError: duplicar a leitura da hora 20 — 1 chave(s) duplicada(s) sobreviveram à limpeza, 48 linhas viraram 49 — moveu `temp_media_6h`: hora 20: 64.769029 → 64.909973 (+0.140944 °C); hora 21: 66.240009 → 66.903845 (+0.663836 °C); hora 22: 65.889955 → 67.919453 (+2.029498 °C)&#10;assert not ['hora 20: 64.769029 → 64.909973 (+0.140944 °C)', 'hora 21: 66.240009 → 66.903845 (+0.663836 °C)', 'hora 22: 65.889955 → 67.919453 (+2.029498 °C)']">@pytest.mark.adversarial
    @pytest.mark.defeito
    @pytest.mark.xfail(
        strict=True,
        reason="D16 — leitura reenviada dobra o peso na janela móvel",
    )
    def test_lote_com_leitura_duplicada_nao_dobra_o_peso_na_janela():
        """Reenvio do historiador: a mesma `(id_maquina, timestamp)` não pode pesar duas vezes.
    
        `limpar` não desduplica a chave. Uma retransmissão — evento rotineiro — faz a leitura
        entrar duas vezes na janela móvel e puxar a média para o próprio valor. Nenhuma medição
        nova aconteceu; o motor não mudou.
        """
        base = fabrica.lote(n_maquinas=1, n_horas=48)
        duplicado = fabrica.com_leitura_duplicada(base, posicao=20)
    
        limpo = sn.preprocessamento.limpar(duplicado)
        sobrevivem = int(limpo.duplicated(subset=["id_maquina", "timestamp"]).sum())
    
        X0 = sn.features.construir(sn.preprocessamento.limpar(base))
        X1 = sn.features.construir(limpo)
    
        antes = X0["temp_media_6h"].iloc[20:24].to_numpy()
        depois = X1["temp_media_6h"].iloc[20:24].to_numpy()
        movidas = [
            f"hora {20 + i}: {antes[i]:.6f} → {depois[i]:.6f} ({depois[i] - antes[i]:+.6f} °C)"
            for i in range(4)
            if antes[i] != depois[i]
        ]
    
&gt;       assert not movidas, (
            f"duplicar a leitura da hora 20 — {sobrevivem} chave(s) duplicada(s) sobreviveram "
            f"à limpeza, {len(X0)} linhas viraram {len(X1)} — moveu `temp_media_6h`: "
            + "; ".join(movidas)
        )
E       AssertionError: duplicar a leitura da hora 20 — 1 chave(s) duplicada(s) sobreviveram à limpeza, 48 linhas viraram 49 — moveu `temp_media_6h`: hora 20: 64.769029 → 64.909973 (+0.140944 °C); hora 21: 66.240009 → 66.903845 (+0.663836 °C); hora 22: 65.889955 → 67.919453 (+2.029498 °C)
E       assert not ['hora 20: 64.769029 → 64.909973 (+0.140944 °C)', 'hora 21: 66.240009 → 66.903845 (+0.663836 °C)', 'hora 22: 65.889955 → 67.919453 (+2.029498 °C)']

tests/test_adversarial_limites.py:219: AssertionError</failure></testcase><testcase classname="tests.test_adversarial_limites" name="test_painel_de_um_registro_concorda_com_o_lote" time="0.130"><failure message="AssertionError: a mesma leitura recebe ordens diferentes conforme entre pelo lote ou pelo painel: linha 30: lote diz 1, painel diz 0 (maquina_risco 0.145833 no lote contra 0.000000 no painel); linha 60: lote diz 1, painel diz 0 (maquina_risco 0.187500 no lote contra 0.000000 no painel); linha 90: lote diz 1, painel diz 0 (maquina_risco 0.187500 no lote contra 0.000000 no painel)&#10;assert not ['linha 30: lote diz 1, painel diz 0 (maquina_risco 0.145833 no lote contra 0.000000 no painel)', 'linha 60: lote diz ... 0.000000 no painel)', 'linha 90: lote diz 1, painel diz 0 (maquina_risco 0.187500 no lote contra 0.000000 no painel)']">@pytest.mark.adversarial
    @pytest.mark.defeito
    @pytest.mark.xfail(
        strict=True,
        reason="D15 — o painel de um registro discorda do lote e perde o alarme",
    )
    def test_painel_de_um_registro_concorda_com_o_lote():
        """O painel da sala de controle tem de dar a mesma ordem que o lote noturno.
    
        `prever_registro` é o caminho do painel: uma leitura por vez. Mas o painel **não tem o
        lote** — ele constrói as features da linha que recebeu, sozinha. E é aí que
        `maquina_risco` degenera: no lote ela é a média do motor, no painel ela vira o rótulo
        daquela linha.
    
        O recorte do teste é o recorte que a operação faz — a lição de D09 e D22. Um teste que
        passasse as features **do lote** para `prever_registro` compararia o SUT consigo mesmo e
        passaria em verde sem tocar no defeito.
        """
        lote = fabrica.lote(n_maquinas=3, n_horas=48)
        saida = sn.pipeline.executar(lote)
        modelo = sn.modelo.carregar("v1")
    
        discordam = []
        for i in (30, 60, 90):
            no_lote = int(saida["predicao"].iloc[i])
    
            sozinha = lote.iloc[[i]].copy()
            X = sn.features.construir(sn.preprocessamento.limpar(sozinha))
            registro = {c: float(X[c].iloc[0]) for c in sn.features.ORDEM_FEATURES}
            no_painel = modelo.prever_registro(registro)
    
            if no_painel != no_lote:
                X_lote = sn.features.construir(sn.preprocessamento.limpar(lote))
                discordam.append(
                    f"linha {i}: lote diz {no_lote}, painel diz {no_painel} "
                    f"(maquina_risco {X_lote['maquina_risco'].iloc[i]:.6f} no lote contra "
                    f"{registro['maquina_risco']:.6f} no painel)"
                )
    
&gt;       assert not discordam, (
            "a mesma leitura recebe ordens diferentes conforme entre pelo lote ou pelo painel: "
            + "; ".join(discordam)
        )
E       AssertionError: a mesma leitura recebe ordens diferentes conforme entre pelo lote ou pelo painel: linha 30: lote diz 1, painel diz 0 (maquina_risco 0.145833 no lote contra 0.000000 no painel); linha 60: lote diz 1, painel diz 0 (maquina_risco 0.187500 no lote contra 0.000000 no painel); linha 90: lote diz 1, painel diz 0 (maquina_risco 0.187500 no lote contra 0.000000 no painel)
E       assert not ['linha 30: lote diz 1, painel diz 0 (maquina_risco 0.145833 no lote contra 0.000000 no painel)', 'linha 60: lote diz ... 0.000000 no painel)', 'linha 90: lote diz 1, painel diz 0 (maquina_risco 0.187500 no lote contra 0.000000 no painel)']

tests/test_adversarial_limites.py:265: AssertionError</failure></testcase><testcase classname="tests.test_contrato_dados" name="test_rpm_esta_na_faixa_da_ficha[treino]" time="0.025"><failure message="ValueError: rpm: 4 de 16800 leituras fora da faixa [1650.0, 1800.0] rpm (mín=1708, máx=1803)">request = &lt;FixtureRequest for &lt;Function test_rpm_esta_na_faixa_da_ficha[treino]&gt;&gt;
nome_conjunto = 'treino'

    @pytest.mark.parametrize("nome_conjunto", _params_d17(D17_RPM))
    def test_rpm_esta_na_faixa_da_ficha(request, nome_conjunto):
        """A ficha diz 1.650–1.800 rpm. Há leituras acima em treino e produção."""
        bruto = request.getfixturevalue(f"lote_{nome_conjunto}")
&gt;       assert ficha.validar_faixa(bruto, "rpm") is True
               ^^^^^^^^^^^^^^^^^^^^^^^^^^^^^^^^^

tests/test_contrato_dados.py:89: 
_ _ _ _ _ _ _ _ _ _ _ _ _ _ _ _ _ _ _ _ _ _ _ _ _ _ _ _ _ _ _ _ _ _ _ _ _ _ _ _ 

df =                  timestamp id_maquina  ...  horas_operacao falha_72h
0      2026-05-04 00:00:00        M01  ...       ...       7151.0         1
16799  2026-05-31 23:00:00        M25  ...         16391.0         0

[16800 rows x 13 columns]
coluna = 'rpm', valores = None

    def validar_faixa(df: pd.DataFrame, coluna: str, valores: pd.Series | None = None) -&gt; bool:
        """A coluna está dentro da faixa da ficha. Nomeia a coluna e conta as violações.
    
        `valores` permite validar uma versão derivada da coluna — é assim que a pressão é
        verificada **depois** de convertida para bar.
        """
        if coluna not in FICHA:
            raise ValueError(f"coluna fora da ficha técnica: {coluna!r}")
        faixa = FICHA[coluna]
        serie = df[coluna] if valores is None else valores
        serie = serie.astype(float)
    
        fora = serie.notna() &amp; ~serie.between(faixa.minimo, faixa.maximo)
        if fora.any():
&gt;           raise ValueError(
                f"{coluna}: {int(fora.sum())} de {len(serie)} leituras fora da faixa "
                f"[{faixa.minimo}, {faixa.maximo}] {faixa.unidade} "
                f"(mín={serie.min():.4g}, máx={serie.max():.4g})"
            )
E           ValueError: rpm: 4 de 16800 leituras fora da faixa [1650.0, 1800.0] rpm (mín=1708, máx=1803)

suite/ficha.py:114: ValueError</failure></testcase><testcase classname="tests.test_contrato_dados" name="test_rpm_esta_na_faixa_da_ficha[producao]" time="0.009"><failure message="ValueError: rpm: 1 de 4200 leituras fora da faixa [1650.0, 1800.0] rpm (mín=1712, máx=1803)">request = &lt;FixtureRequest for &lt;Function test_rpm_esta_na_faixa_da_ficha[producao]&gt;&gt;
nome_conjunto = 'producao'

    @pytest.mark.parametrize("nome_conjunto", _params_d17(D17_RPM))
    def test_rpm_esta_na_faixa_da_ficha(request, nome_conjunto):
        """A ficha diz 1.650–1.800 rpm. Há leituras acima em treino e produção."""
        bruto = request.getfixturevalue(f"lote_{nome_conjunto}")
&gt;       assert ficha.validar_faixa(bruto, "rpm") is True
               ^^^^^^^^^^^^^^^^^^^^^^^^^^^^^^^^^

tests/test_contrato_dados.py:89: 
_ _ _ _ _ _ _ _ _ _ _ _ _ _ _ _ _ _ _ _ _ _ _ _ _ _ _ _ _ _ _ _ _ _ _ _ _ _ _ _ 

df =                 timestamp id_maquina  ...  horas_operacao falha_72h
0     2026-06-08 00:00:00        M01  ...         ...         7487.0         0
4199  2026-06-14 23:00:00        M25  ...         16727.0         0

[4200 rows x 13 columns]
coluna = 'rpm', valores = None

    def validar_faixa(df: pd.DataFrame, coluna: str, valores: pd.Series | None = None) -&gt; bool:
        """A coluna está dentro da faixa da ficha. Nomeia a coluna e conta as violações.
    
        `valores` permite validar uma versão derivada da coluna — é assim que a pressão é
        verificada **depois** de convertida para bar.
        """
        if coluna not in FICHA:
            raise ValueError(f"coluna fora da ficha técnica: {coluna!r}")
        faixa = FICHA[coluna]
        serie = df[coluna] if valores is None else valores
        serie = serie.astype(float)
    
        fora = serie.notna() &amp; ~serie.between(faixa.minimo, faixa.maximo)
        if fora.any():
&gt;           raise ValueError(
                f"{coluna}: {int(fora.sum())} de {len(serie)} leituras fora da faixa "
                f"[{faixa.minimo}, {faixa.maximo}] {faixa.unidade} "
                f"(mín={serie.min():.4g}, máx={serie.max():.4g})"
            )
E           ValueError: rpm: 1 de 4200 leituras fora da faixa [1650.0, 1800.0] rpm (mín=1712, máx=1803)

suite/ficha.py:114: ValueError</failure></testcase><testcase classname="tests.test_contrato_dados" name="test_pressao_convertida_esta_na_faixa_da_ficha[treino]" time="0.009"><failure message="ValueError: pressao: 5 de 16800 leituras fora da faixa [3.0, 4.5] bar (mín=3.179, máx=4.565)">request = &lt;FixtureRequest for &lt;Function test_pressao_convertida_esta_na_faixa_da_ficha[treino]&gt;&gt;
nome_conjunto = 'treino'

    @pytest.mark.parametrize("nome_conjunto", _params_d17(D17_PRESSAO))
    def test_pressao_convertida_esta_na_faixa_da_ficha(request, nome_conjunto):
        """Depois de converter psi→bar, a pressão tem de caber em 3,0–4,5 bar.
    
        Converter é responsabilidade de quem lê o dado, já que o SUT não converte (D03).
        O que sobra fora da faixa **depois** da conversão é leitura fisicamente impossível.
        """
        bruto = request.getfixturevalue(f"lote_{nome_conjunto}")
        em_bar = ficha.converter_pressao_para_bar(bruto)
&gt;       assert ficha.validar_faixa(bruto, "pressao", valores=em_bar) is True
               ^^^^^^^^^^^^^^^^^^^^^^^^^^^^^^^^^^^^^^^^^^^^^^^^^^^^^

tests/test_contrato_dados.py:101: 
_ _ _ _ _ _ _ _ _ _ _ _ _ _ _ _ _ _ _ _ _ _ _ _ _ _ _ _ _ _ _ _ _ _ _ _ _ _ _ _ 

df =                  timestamp id_maquina  ...  horas_operacao falha_72h
0      2026-05-04 00:00:00        M01  ...       ...       7151.0         1
16799  2026-05-31 23:00:00        M25  ...         16391.0         0

[16800 rows x 13 columns]
coluna = 'pressao'
valores = 0        3.927000
1        3.850000
2        4.064000
3        3.891000
4        4.170000
           ...   
16795    3...92
16796    4.236269
16797    3.903667
16798    3.603607
16799    3.941932
Name: pressao, Length: 16800, dtype: float64

    def validar_faixa(df: pd.DataFrame, coluna: str, valores: pd.Series | None = None) -&gt; bool:
        """A coluna está dentro da faixa da ficha. Nomeia a coluna e conta as violações.
    
        `valores` permite validar uma versão derivada da coluna — é assim que a pressão é
        verificada **depois** de convertida para bar.
        """
        if coluna not in FICHA:
            raise ValueError(f"coluna fora da ficha técnica: {coluna!r}")
        faixa = FICHA[coluna]
        serie = df[coluna] if valores is None else valores
        serie = serie.astype(float)
    
        fora = serie.notna() &amp; ~serie.between(faixa.minimo, faixa.maximo)
        if fora.any():
&gt;           raise ValueError(
                f"{coluna}: {int(fora.sum())} de {len(serie)} leituras fora da faixa "
                f"[{faixa.minimo}, {faixa.maximo}] {faixa.unidade} "
                f"(mín={serie.min():.4g}, máx={serie.max():.4g})"
            )
E           ValueError: pressao: 5 de 16800 leituras fora da faixa [3.0, 4.5] bar (mín=3.179, máx=4.565)

suite/ficha.py:114: ValueError</failure></testcase><testcase classname="tests.test_contrato_dados" name="test_pressao_convertida_esta_na_faixa_da_ficha[producao]" time="0.004"><failure message="ValueError: pressao: 1 de 4200 leituras fora da faixa [3.0, 4.5] bar (mín=3.264, máx=4.511)">request = &lt;FixtureRequest for &lt;Function test_pressao_convertida_esta_na_faixa_da_ficha[producao]&gt;&gt;
nome_conjunto = 'producao'

    @pytest.mark.parametrize("nome_conjunto", _params_d17(D17_PRESSAO))
    def test_pressao_convertida_esta_na_faixa_da_ficha(request, nome_conjunto):
        """Depois de converter psi→bar, a pressão tem de caber em 3,0–4,5 bar.
    
        Converter é responsabilidade de quem lê o dado, já que o SUT não converte (D03).
        O que sobra fora da faixa **depois** da conversão é leitura fisicamente impossível.
        """
        bruto = request.getfixturevalue(f"lote_{nome_conjunto}")
        em_bar = ficha.converter_pressao_para_bar(bruto)
&gt;       assert ficha.validar_faixa(bruto, "pressao", valores=em_bar) is True
               ^^^^^^^^^^^^^^^^^^^^^^^^^^^^^^^^^^^^^^^^^^^^^^^^^^^^^

tests/test_contrato_dados.py:101: 
_ _ _ _ _ _ _ _ _ _ _ _ _ _ _ _ _ _ _ _ _ _ _ _ _ _ _ _ _ _ _ _ _ _ _ _ _ _ _ _ 

df =                 timestamp id_maquina  ...  horas_operacao falha_72h
0     2026-06-08 00:00:00        M01  ...         ...         7487.0         0
4199  2026-06-14 23:00:00        M25  ...         16727.0         0

[4200 rows x 13 columns]
coluna = 'pressao'
valores = 0       4.175000
1       3.885000
2       3.446000
3       3.959000
4       3.755000
          ...   
4195    3.892359
4196    3.757084
4197    4.161599
4198    3.918559
4199    3.495980
Name: pressao, Length: 4200, dtype: float64

    def validar_faixa(df: pd.DataFrame, coluna: str, valores: pd.Series | None = None) -&gt; bool:
        """A coluna está dentro da faixa da ficha. Nomeia a coluna e conta as violações.
    
        `valores` permite validar uma versão derivada da coluna — é assim que a pressão é
        verificada **depois** de convertida para bar.
        """
        if coluna not in FICHA:
            raise ValueError(f"coluna fora da ficha técnica: {coluna!r}")
        faixa = FICHA[coluna]
        serie = df[coluna] if valores is None else valores
        serie = serie.astype(float)
    
        fora = serie.notna() &amp; ~serie.between(faixa.minimo, faixa.maximo)
        if fora.any():
&gt;           raise ValueError(
                f"{coluna}: {int(fora.sum())} de {len(serie)} leituras fora da faixa "
                f"[{faixa.minimo}, {faixa.maximo}] {faixa.unidade} "
                f"(mín={serie.min():.4g}, máx={serie.max():.4g})"
            )
E           ValueError: pressao: 1 de 4200 leituras fora da faixa [3.0, 4.5] bar (mín=3.264, máx=4.511)

suite/ficha.py:114: ValueError</failure></testcase><testcase classname="tests.test_estatistico_drift" name="test_distribuicoes_de_entrada_sao_as_mesmas_entre_teste_e_producao" time="0.078"><failure message="AssertionError: 5 de 6 colunas acusam drift: temperatura_c (KS p=3.53e-33, PSI=0.1798 → atencao, mas Δmédia de só 1.76 %); vibracao_rms (KS p=1.14e-21, PSI=0.1403 → atencao, mas Δmédia de só 2.05 %); pressao (KS p=1.6e-05, PSI=0.0520 → estavel, mas Δmédia de só 0.65 %); corrente_a (KS p=3.19e-11, PSI=0.0575 → estavel, mas Δmédia de só 0.52 %); rpm (KS p=9.76e-07, PSI=0.0203 → estavel, mas Δmédia de só 0.05 %)&#10;assert not {'temperatura_c': {'delta_media': -1.206952, 'delta_relativo': 0.017636, 'media_acusa': False, 'ks_estatistica': 0.133...a': {'delta_media': -0.102921, 'delta_relativo': 0.005193, 'media_acusa': False, 'ks_estatistica': 0.076905, ...}, ...}">conjuntos = {'treino':                  timestamp id_maquina  ...  horas_operacao falha_72h
0      2026-05-04 00:00:00        M01 ...        7487.0         0
4199  2026-06-14 23:00:00        M25  ...         16727.0         0

[4200 rows x 13 columns]}
colunas_de_sensor = ['temperatura_c', 'vibracao_rms', 'pressao', 'corrente_a', 'rpm', 'idade_equipamento_meses']
medicoes = {'sut': {}, 'contrato_dados': {}, 'linha_de_base': [], 'v1_v2': {}, ...}

    @pytest.mark.defeito
    @pytest.mark.xfail(
        strict=True,
        reason="D13 — 5 das 6 colunas de sensor mudaram de distribuição e a média não acusa nenhuma",
    )
    def test_distribuicoes_de_entrada_sao_as_mesmas_entre_teste_e_producao(
        conjuntos, colunas_de_sensor, medicoes
    ):
        """Nenhuma coluna de sensor deveria acusar drift entre o baseline e produção."""
        medido = {
            coluna: drift.medir(conjuntos["teste"][coluna], conjuntos["producao"][coluna], LIMIAR_MEDIA, ALPHA)
            for coluna in colunas_de_sensor
        }
        medicoes["drift"] = medido
    
        acusadas = {
            coluna: m for coluna, m in medido.items() if m["ks_acusa"] or m["psi_classe"] != "estavel"
        }
&gt;       assert not acusadas, (
            f"{len(acusadas)} de {len(medido)} colunas acusam drift: "
            + "; ".join(
                f"{coluna} (KS p={m['ks_p']:.3g}, PSI={m['psi']:.4f} → {m['psi_classe']}, "
                f"mas Δmédia de só {100 * m['delta_relativo']:.2f} %)"
                for coluna, m in acusadas.items()
            )
        )
E       AssertionError: 5 de 6 colunas acusam drift: temperatura_c (KS p=3.53e-33, PSI=0.1798 → atencao, mas Δmédia de só 1.76 %); vibracao_rms (KS p=1.14e-21, PSI=0.1403 → atencao, mas Δmédia de só 2.05 %); pressao (KS p=1.6e-05, PSI=0.0520 → estavel, mas Δmédia de só 0.65 %); corrente_a (KS p=3.19e-11, PSI=0.0575 → estavel, mas Δmédia de só 0.52 %); rpm (KS p=9.76e-07, PSI=0.0203 → estavel, mas Δmédia de só 0.05 %)
E       assert not {'temperatura_c': {'delta_media': -1.206952, 'delta_relativo': 0.017636, 'media_acusa': False, 'ks_estatistica': 0.133...a': {'delta_media': -0.102921, 'delta_relativo': 0.005193, 'media_acusa': False, 'ks_estatistica': 0.076905, ...}, ...}

tests/test_estatistico_drift.py:101: AssertionError</failure></testcase><testcase classname="tests.test_estatistico_limiar_calibracao" name="test_limiar_0_5_maximiza_f2[v1]" time="0.296"><failure message="AssertionError: v1: F2 é máximo em 0.55 (F2=0.7356), não em 0,50 (F2=0.7346); diferença de +0.0010&#10;assert 0.55 == 0.5">medidas = {'v1': (array([1, 0, 0, ..., 0, 0, 0], shape=(4200,)), array([0.19919765, 0.09992912, 0.0913186 , ..., 0.7843905 , 0.0...=(4200,)), array([0.22616166, 0.01810966, 0.08476889, ..., 0.39516773, 0.00208297,
       0.35558579], shape=(4200,)))}
versao = 'v1'

    @pytest.mark.defeito
    @pytest.mark.xfail(
        strict=True,
        reason="D11 — o 0,5 do sistema não maximiza F2: v2 tem ótimo em 0,20 (+0,0865 de F2)",
    )
    @pytest.mark.parametrize("versao", VERSOES)
    def test_limiar_0_5_maximiza_f2(medidas, versao):
        """O 0,5 do sistema deveria ser o melhor limiar para F2 (recall pesando 4×)."""
        y, proba = medidas[versao]
        tabela = _varredura(y, proba)
        melhor = max(tabela, key=lambda linha: linha["f2"])
        em_meio = next(linha for linha in tabela if linha["limiar"] == 0.5)
    
&gt;       assert melhor["limiar"] == 0.5, (
            f"{versao}: F2 é máximo em {melhor['limiar']:.2f} (F2={melhor['f2']:.4f}), "
            f"não em 0,50 (F2={em_meio['f2']:.4f}); diferença de {melhor['f2'] - em_meio['f2']:+.4f}"
        )
E       AssertionError: v1: F2 é máximo em 0.55 (F2=0.7356), não em 0,50 (F2=0.7346); diferença de +0.0010
E       assert 0.55 == 0.5

tests/test_estatistico_limiar_calibracao.py:125: AssertionError</failure></testcase><testcase classname="tests.test_estatistico_limiar_calibracao" name="test_limiar_0_5_maximiza_f2[v2]" time="0.006"><failure message="AssertionError: v2: F2 é máximo em 0.20 (F2=0.7375), não em 0,50 (F2=0.6510); diferença de +0.0865&#10;assert 0.2 == 0.5">medidas = {'v1': (array([1, 0, 0, ..., 0, 0, 0], shape=(4200,)), array([0.19919765, 0.09992912, 0.0913186 , ..., 0.7843905 , 0.0...=(4200,)), array([0.22616166, 0.01810966, 0.08476889, ..., 0.39516773, 0.00208297,
       0.35558579], shape=(4200,)))}
versao = 'v2'

    @pytest.mark.defeito
    @pytest.mark.xfail(
        strict=True,
        reason="D11 — o 0,5 do sistema não maximiza F2: v2 tem ótimo em 0,20 (+0,0865 de F2)",
    )
    @pytest.mark.parametrize("versao", VERSOES)
    def test_limiar_0_5_maximiza_f2(medidas, versao):
        """O 0,5 do sistema deveria ser o melhor limiar para F2 (recall pesando 4×)."""
        y, proba = medidas[versao]
        tabela = _varredura(y, proba)
        melhor = max(tabela, key=lambda linha: linha["f2"])
        em_meio = next(linha for linha in tabela if linha["limiar"] == 0.5)
    
&gt;       assert melhor["limiar"] == 0.5, (
            f"{versao}: F2 é máximo em {melhor['limiar']:.2f} (F2={melhor['f2']:.4f}), "
            f"não em 0,50 (F2={em_meio['f2']:.4f}); diferença de {melhor['f2'] - em_meio['f2']:+.4f}"
        )
E       AssertionError: v2: F2 é máximo em 0.20 (F2=0.7375), não em 0,50 (F2=0.6510); diferença de +0.0865
E       assert 0.2 == 0.5

tests/test_estatistico_limiar_calibracao.py:125: AssertionError</failure></testcase><testcase classname="tests.test_estatistico_limiar_calibracao" name="test_limiar_de_custo_minimo_e_0_5[v2]" time="0.001"><failure message="AssertionError: v2: custo mínimo em 0.15 (custo=1788), não em 0,50 (custo=4393); o limiar do sistema custa 2605 a mais&#10;assert 0.15 == 0.5">medidas = {'v1': (array([1, 0, 0, ..., 0, 0, 0], shape=(4200,)), array([0.19919765, 0.09992912, 0.0913186 , ..., 0.7843905 , 0.0...=(4200,)), array([0.22616166, 0.01810966, 0.08476889, ..., 0.39516773, 0.00208297,
       0.35558579], shape=(4200,)))}
versao = 'v2'

    @pytest.mark.parametrize(
        "versao",
        [
            # A v1 PASSA: com FN valendo 20× FP, o custo dela é mínimo exatamente em 0,50.
            # Medido, não suposto — o HANDOFF previa o contrário. Marcar a função inteira
            # daria XPASS aqui e derrubaria a suíte (padrão de D17, `docs/decisoes.md`).
            "v1",
            pytest.param(
                "v2",
                marks=[
                    pytest.mark.defeito,
                    pytest.mark.xfail(
                        strict=True,
                        reason="D11 — herdar o limiar 0,5 da v1 custa 2.605 a mais na v2 (4.393 contra 1.788)",
                    ),
                ],
            ),
        ],
    )
    def test_limiar_de_custo_minimo_e_0_5(medidas, versao):
        """Com FN valendo 20× FP, o limiar de custo mínimo deveria ser o do sistema."""
        y, proba = medidas[versao]
        custos = {limiar: _custo(y, proba, limiar) for limiar in LIMIARES}
        melhor = min(custos, key=custos.get)
    
&gt;       assert melhor == 0.5, (
            f"{versao}: custo mínimo em {melhor:.2f} (custo={custos[melhor]}), "
            f"não em 0,50 (custo={custos[0.5]}); "
            f"o limiar do sistema custa {custos[0.5] - custos[melhor]} a mais"
        )
E       AssertionError: v2: custo mínimo em 0.15 (custo=1788), não em 0,50 (custo=4393); o limiar do sistema custa 2605 a mais
E       assert 0.15 == 0.5

tests/test_estatistico_limiar_calibracao.py:156: AssertionError</failure></testcase><testcase classname="tests.test_estatistico_limiar_calibracao" name="test_ece_por_versao_fica_abaixo_de_cinco_pontos[v1]" time="0.001"><failure message="AssertionError: v1: ECE = 0.1906 (19.06 p.p.)&#10;assert 0.19063174103968253 &lt;= 0.05">medidas = {'v1': (array([1, 0, 0, ..., 0, 0, 0], shape=(4200,)), array([0.19919765, 0.09992912, 0.0913186 , ..., 0.7843905 , 0.0...=(4200,)), array([0.22616166, 0.01810966, 0.08476889, ..., 0.39516773, 0.00208297,
       0.35558579], shape=(4200,)))}
versao = 'v1'

    @pytest.mark.defeito
    @pytest.mark.xfail(
        strict=True,
        reason="D12 — ECE de 19,06 p.p. (v1) e 5,76 p.p. (v2) contra o teto de 5 p.p.",
    )
    @pytest.mark.parametrize("versao", VERSOES)
    def test_ece_por_versao_fica_abaixo_de_cinco_pontos(medidas, versao):
        """ECE ≤ 5 p.p.: a confiança anunciada não deveria distar mais que isso do observado."""
        y, proba = medidas[versao]
        medido = calibracao.ece(y, proba)
    
&gt;       assert medido &lt;= 0.05, f"{versao}: ECE = {medido:.4f} ({100 * medido:.2f} p.p.)"
E       AssertionError: v1: ECE = 0.1906 (19.06 p.p.)
E       assert 0.19063174103968253 &lt;= 0.05

tests/test_estatistico_limiar_calibracao.py:187: AssertionError</failure></testcase><testcase classname="tests.test_estatistico_limiar_calibracao" name="test_ece_por_versao_fica_abaixo_de_cinco_pontos[v2]" time="0.001"><failure message="AssertionError: v2: ECE = 0.0576 (5.76 p.p.)&#10;assert 0.057555700544642846 &lt;= 0.05">medidas = {'v1': (array([1, 0, 0, ..., 0, 0, 0], shape=(4200,)), array([0.19919765, 0.09992912, 0.0913186 , ..., 0.7843905 , 0.0...=(4200,)), array([0.22616166, 0.01810966, 0.08476889, ..., 0.39516773, 0.00208297,
       0.35558579], shape=(4200,)))}
versao = 'v2'

    @pytest.mark.defeito
    @pytest.mark.xfail(
        strict=True,
        reason="D12 — ECE de 19,06 p.p. (v1) e 5,76 p.p. (v2) contra o teto de 5 p.p.",
    )
    @pytest.mark.parametrize("versao", VERSOES)
    def test_ece_por_versao_fica_abaixo_de_cinco_pontos(medidas, versao):
        """ECE ≤ 5 p.p.: a confiança anunciada não deveria distar mais que isso do observado."""
        y, proba = medidas[versao]
        medido = calibracao.ece(y, proba)
    
&gt;       assert medido &lt;= 0.05, f"{versao}: ECE = {medido:.4f} ({100 * medido:.2f} p.p.)"
E       AssertionError: v2: ECE = 0.0576 (5.76 p.p.)
E       assert 0.057555700544642846 &lt;= 0.05

tests/test_estatistico_limiar_calibracao.py:187: AssertionError</failure></testcase><testcase classname="tests.test_estatistico_limiar_calibracao" name="test_curva_de_confiabilidade_e_monotona[v1]" time="0.001"><failure message="AssertionError: v1: 3 quebra(s) de monotonia: faixa 0.1–0.2 caiu de 0.0169 para 0.0096; faixa 0.2–0.3 caiu de 0.0096 para 0.0000; faixa 0.4–0.5 caiu de 0.0250 para 0.0247&#10;assert not [((0.1, 0.2), 0.016853932584269662, 0.009554140127388535), ((0.2, 0.30000000000000004), 0.009554140127388535, 0.0), ((0.4, 0.5), 0.025, 0.024691358024691357)]">medidas = {'v1': (array([1, 0, 0, ..., 0, 0, 0], shape=(4200,)), array([0.19919765, 0.09992912, 0.0913186 , ..., 0.7843905 , 0.0...=(4200,)), array([0.22616166, 0.01810966, 0.08476889, ..., 0.39516773, 0.00208297,
       0.35558579], shape=(4200,)))}
versao = 'v1'

    @pytest.mark.defeito
    @pytest.mark.xfail(
        strict=True,
        reason="D12 — a frequência observada cai ao subir de faixa: 3 quebras na v1, 1 na v2",
    )
    @pytest.mark.parametrize("versao", VERSOES)
    def test_curva_de_confiabilidade_e_monotona(medidas, versao):
        """Faixa de probabilidade maior ⇒ frequência de falha observada maior.
    
        É o mínimo que se pede de um score usado para **ordenar** motores: se a ordem se quebra,
        priorizar pelo número é pior que priorizar pelo palpite de quem conhece a planta.
        """
        y, proba = medidas[versao]
        tabela = calibracao.bins_de_confiabilidade(y, proba)
        observado = [faixa["observado"] for faixa in tabela]
    
        quebras = [
            (tabela[i]["faixa"], observado[i - 1], observado[i])
            for i in range(1, len(observado))
            if observado[i] &lt; observado[i - 1]
        ]
&gt;       assert not quebras, f"{versao}: {len(quebras)} quebra(s) de monotonia: " + "; ".join(
            f"faixa {lo:.1f}–{hi:.1f} caiu de {antes:.4f} para {depois:.4f}"
[...]
            f"como {type(limpo.index).__name__} 0..{len(limpo) - 1} e nenhuma coluna de "
            "origem foi preservada"
        )
E       AssertionError: não há como casar a linha de saída com a de entrada: o índice foi reconstruído como RangeIndex 0..142 e nenhuma coluna de origem foi preservada
E       assert ('indice_origem' in Index(['timestamp', 'id_maquina', 'idade_equipamento_meses', 'id_operador',\n       'turno', 'temperatura_c', 'vibracao...', 'unidade_pressao',\n       'corrente_a', 'rpm', 'horas_operacao', 'falha_72h', 'operador_cod'],\n      dtype='object') or False)
E        +  where Index(['timestamp', 'id_maquina', 'idade_equipamento_meses', 'id_operador',\n       'turno', 'temperatura_c', 'vibracao...', 'unidade_pressao',\n       'corrente_a', 'rpm', 'horas_operacao', 'falha_72h', 'operador_cod'],\n      dtype='object') =               timestamp id_maquina  ...  falha_72h operador_cod\n0   2026-01-01 00:00:00        M01  ...          1    ...3  ...          0            8\n142 2026-01-02 23:00:00        M03  ...          0            8\n\n[143 rows x 14 columns].columns
E        +  and   False = equals(Index([  0,   1,   2,   3,   4,   5,   6,   7,   8,   9,\n       ...\n       134, 135, 136, 137, 138, 139, 140, 141, 142, 143],\n      dtype='int64', length=143))
E        +    where equals = RangeIndex(start=0, stop=143, step=1).equals
E        +      where RangeIndex(start=0, stop=143, step=1) =               timestamp id_maquina  ...  falha_72h operador_cod\n0   2026-01-01 00:00:00        M01  ...          1    ...3  ...          0            8\n142 2026-01-02 23:00:00        M03  ...          0            8\n\n[143 rows x 14 columns].index

tests/test_preprocessamento.py:173: AssertionError</failure></testcase><testcase classname="tests.test_reprodutibilidade" name="test_artefatos_batem_com_o_manifest" time="0.003"><failure message="AssertionError: assert ['sha256 dife...maquina.json'] == []&#10;  &#10;  Left contains 4 more items, first extra item: 'sha256 diferente: dados/treino.csv'&#10;  Use -v to get more diff">@pytest.mark.defeito
    @pytest.mark.xfail(
        strict=True,
        reason=(
            "D23 — manifest desatualizado no commit pinado: o sha256 dos três CSVs de "
            "dados/ e de artefatos/risco_maquina.json não bate com artefatos/manifest.json"
        ),
    )
    def test_artefatos_batem_com_o_manifest():
        """O README do SUT promete `[]`; o commit pinado entrega quatro divergências.
    
        Verificado em clone limpo (`git status --porcelain` vazio), portanto é defeito
        do SUT e não do nosso ambiente: os dados e a tabela de risco foram regerados
        sem que o manifest fosse reescrito. Os dois artefatos de modelo, esses, batem
        — é o que distingue D23 de uma corrupção de clone.
        """
&gt;       assert sn.artefatos.verificar_manifest() == []
E       AssertionError: assert ['sha256 dife...maquina.json'] == []
E         
E         Left contains 4 more items, first extra item: 'sha256 diferente: dados/treino.csv'
E         Use -v to get more diff

tests/test_reprodutibilidade.py:64: AssertionError</failure></testcase><testcase classname="tests.test_vazamento_alvo" name="test_probabilidade_do_pipeline_nao_muda_se_o_rotulo_for_removido" time="0.329"><failure message="AssertionError: 3217 de 4200 probabilidades mudam ao remover a coluna `falha_72h`; |Δ| máximo = 0.5767&#10;assert 3217 == 0">lote_teste =                 timestamp id_maquina  ...  horas_operacao falha_72h
0     2026-06-01 00:00:00        M01  ...         ...         7319.0         0
4199  2026-06-07 23:00:00        M25  ...         16559.0         0

[4200 rows x 13 columns]

    @pytest.mark.defeito
    @pytest.mark.xfail(strict=True, reason="D02 — `maquina_risco` é recalculada do rótulo: remover `falha_72h` muda a probabilidade")
    def test_probabilidade_do_pipeline_nao_muda_se_o_rotulo_for_removido(lote_teste):
        """O teste que derruba a promoção da v2.
    
        Remover uma coluna que o serving não terá não pode mudar a probabilidade. Se muda, a
        métrica publicada mediu outra coisa que não o desempenho em produção.
        """
        _, com, _ = harness.prever_com_vazamento(lote_teste, "v2")
        _, sem, _ = harness.prever_sem_vazamento(lote_teste, "v2")
    
        diferentes = int((com != sem).sum())
&gt;       assert diferentes == 0, (
            f"{diferentes} de {len(com)} probabilidades mudam ao remover a coluna `falha_72h`; "
            f"|Δ| máximo = {np.abs(com - sem).max():.4f}"
        )
E       AssertionError: 3217 de 4200 probabilidades mudam ao remover a coluna `falha_72h`; |Δ| máximo = 0.5767
E       assert 3217 == 0

tests/test_vazamento_alvo.py:48: AssertionError</failure></testcase><testcase classname="tests.test_vazamento_alvo" name="test_maquina_risco_nao_depende_do_rotulo_do_proprio_lote" time="0.090"><failure message="AssertionError: `maquina_risco` difere em 4200 de 4200 linhas; |Δ| máximo = 0.415178&#10;assert False&#10; +  where False = &lt;function array_equal at 0xfc3927f91430&gt;(array([0.42261905, 0.        , 0.        , ..., 0.        , 0.23214286,\n       0.        ], shape=(4200,)), array([0.108631, 0.214286, 0.135417, ..., 0.107143, 0.049107, 0.107143],\n      shape=(4200,)))&#10; +    where &lt;function array_equal at 0xfc3927f91430&gt; = np.array_equal">lote_teste =                 timestamp id_maquina  ...  horas_operacao falha_72h
0     2026-06-01 00:00:00        M01  ...         ...         7319.0         0
4199  2026-06-07 23:00:00        M25  ...         16559.0         0

[4200 rows x 13 columns]

    @pytest.mark.defeito
    @pytest.mark.xfail(strict=True, reason="D02 — a feature é a média de `falha_72h` do grupo quando a coluna está presente")
    def test_maquina_risco_nao_depende_do_rotulo_do_proprio_lote(lote_teste):
        """A feature tem de ser a mesma com e sem o rótulo no quadro."""
        com = harness.maquina_risco(lote_teste, vazar=True)
        sem = harness.maquina_risco(lote_teste, vazar=False)
    
&gt;       assert np.array_equal(com, sem), (
            f"`maquina_risco` difere em {int((com != sem).sum())} de {len(com)} linhas; "
            f"|Δ| máximo = {np.abs(com - sem).max():.6f}"
        )
E       AssertionError: `maquina_risco` difere em 4200 de 4200 linhas; |Δ| máximo = 0.415178
E       assert False
E        +  where False = &lt;function array_equal at 0xfc3927f91430&gt;(array([0.42261905, 0.        , 0.        , ..., 0.        , 0.23214286,\n       0.        ], shape=(4200,)), array([0.108631, 0.214286, 0.135417, ..., 0.107143, 0.049107, 0.107143],\n      shape=(4200,)))
E        +    where &lt;function array_equal at 0xfc3927f91430&gt; = np.array_equal

tests/test_vazamento_alvo.py:61: AssertionError</failure></testcase><testcase classname="tests.test_vazamento_alvo" name="test_maquina_risco_fica_na_faixa_da_tabela_congelada" time="0.045"><failure message="AssertionError: 1512 de 4200 linhas têm `maquina_risco` acima do teto da tabela congelada (0.214286); máximo observado = 0.428571&#10;assert 1512 == 0">lote_teste =                 timestamp id_maquina  ...  horas_operacao falha_72h
0     2026-06-01 00:00:00        M01  ...         ...         7319.0         0
4199  2026-06-07 23:00:00        M25  ...         16559.0         0

[4200 rows x 13 columns]
tabela_congelada = {'M01': 0.108631, 'M02': 0.214286, 'M03': 0.135417, 'M04': 0.165179, ...}

    @pytest.mark.defeito
    @pytest.mark.xfail(strict=True, reason="D02 — o valor recalculado (máx. 0,428571) escapa do teto da tabela congelada (0,214286)")
    def test_maquina_risco_fica_na_faixa_da_tabela_congelada(lote_teste, tabela_congelada):
        """O valor recalculado escapa da faixa que o modelo viu no treino.
    
        A tabela congelada é o que a planta teria em mãos. Um valor fora dela é uma feature que o
        modelo nunca encontrou durante o treino — extrapolação silenciosa no ponto de serving.
        """
        valores = np.array(list(tabela_congelada.values()), dtype=float)
        teto = float(valores.max())
        com = harness.maquina_risco(lote_teste, vazar=True)
    
        excedem = int((com &gt; teto + 1e-9).sum())
&gt;       assert excedem == 0, (
            f"{excedem} de {len(com)} linhas têm `maquina_risco` acima do teto da tabela congelada "
            f"({teto:.6f}); máximo observado = {com.max():.6f}"
        )
E       AssertionError: 1512 de 4200 linhas têm `maquina_risco` acima do teto da tabela congelada (0.214286); máximo observado = 0.428571
E       assert 1512 == 0

tests/test_vazamento_alvo.py:80: AssertionError</failure></testcase><testcase classname="tests.test_vazamento_alvo" name="test_revisar_o_rotulo_do_lote_nao_muda_a_predicao[v1]" time="0.236"><failure message="AssertionError: v1: rever 21 de 168 rótulos de M02, sem tocar em nenhum sensor, mudou 168 de 4200 probabilidades; |Δ| máximo = 0.244217&#10;assert 168 == 0">lote_teste =                 timestamp id_maquina  ...  horas_operacao falha_72h
0     2026-06-01 00:00:00        M01  ...         ...         7319.0         0
4199  2026-06-07 23:00:00        M25  ...         16559.0         0

[4200 rows x 13 columns]
versao = 'v1'

    @pytest.mark.defeito
    @pytest.mark.xfail(strict=True, reason="D02 — rever o gabarito do lote muda a predição de leituras que não mudaram")
    @pytest.mark.parametrize("versao", ["v1", "v2"])
    def test_revisar_o_rotulo_do_lote_nao_muda_a_predicao(lote_teste, versao):
        """Rever o gabarito de um lote não pode mexer na predição das mesmas leituras.
    
        O cenário é o do próprio SUT: o README descreve `producao` como o lote "rotulado **depois**
        pela equipe". Rever rótulos é operação normal — e o modelo, que já rodou, não pode mudar de
        opinião sobre leituras que não mudaram.
    
        Aqui 21 das 168 leituras de M02 passam a constar como falha. **Nenhum sensor é tocado.**
    
        Dois cuidados que este teste aprendeu na marra, ambos registrados em `docs/mapa-defeitos.md`:
    
        - **Assertar probabilidade, não decisão.** Com 2 rótulos revistos as probabilidades já se
          movem; a primeira decisão só vira com 21. Um oráculo de decisão binária dá o defeito por
          inexistente numa faixa larga.
        - **Renomear o motor não serve de experimento.** `maquina_risco` é a média **do grupo**;
          renomear o grupo inteiro preserva a média, e partir o grupo mexe nas janelas móveis — o que
          mediria D09, não D02. Mexer só na coluna de rótulo isola o mecanismo.
        """
        revisado = lote_teste.copy()
        do_motor = revisado.index[revisado["id_maquina"] == "M02"]
        revisado.loc[do_motor[:21], "falha_72h"] = 1
    
        intocadas = ["timestamp", "id_maquina", "temperatura_c", "vibracao_rms", "pressao",
                     "corrente_a", "rpm", "horas_operacao", "id_operador", "turno"]
        assert revisado[intocadas].equals(lote_teste[intocadas])
    
        _, antes, _ = harness.prever_com_vazamento(lote_teste, versao)
        _, depois, _ = harness.prever_com_vazamento(revisado, versao)
    
        mudaram = int((antes != depois).sum())
&gt;       assert mudaram == 0, (
            f"{versao}: rever 21 de 168 rótulos de M02, sem tocar em nenhum sensor, mudou "
            f"{mudaram} de {len(antes)} probabilidades; |Δ| máximo = "
            f"{np.abs(antes - depois).max():.6f}"
        )
E       AssertionError: v1: rever 21 de 168 rótulos de M02, sem tocar em nenhum sensor, mudou 168 de 4200 probabilidades; |Δ| máximo = 0.244217
E       assert 168 == 0

tests/test_vazamento_alvo.py:119: AssertionError</failure></testcase><testcase classname="tests.test_vazamento_alvo" name="test_revisar_o_rotulo_do_lote_nao_muda_a_predicao[v2]" time="0.331"><failure message="AssertionError: v2: rever 21 de 168 rótulos de M02, sem tocar em nenhum sensor, mudou 168 de 4200 probabilidades; |Δ| máximo = 0.080209&#10;assert 168 == 0">lote_teste =                 timestamp id_maquina  ...  horas_operacao falha_72h
0     2026-06-01 00:00:00        M01  ...         ...         7319.0         0
4199  2026-06-07 23:00:00        M25  ...         16559.0         0

[4200 rows x 13 columns]
versao = 'v2'

    @pytest.mark.defeito
    @pytest.mark.xfail(strict=True, reason="D02 — rever o gabarito do lote muda a predição de leituras que não mudaram")
    @pytest.mark.parametrize("versao", ["v1", "v2"])
    def test_revisar_o_rotulo_do_lote_nao_muda_a_predicao(lote_teste, versao):
        """Rever o gabarito de um lote não pode mexer na predição das mesmas leituras.
    
        O cenário é o do próprio SUT: o README descreve `producao` como o lote "rotulado **depois**
        pela equipe". Rever rótulos é operação normal — e o modelo, que já rodou, não pode mudar de
        opinião sobre leituras que não mudaram.
    
        Aqui 21 das 168 leituras de M02 passam a constar como falha. **Nenhum sensor é tocado.**
    
        Dois cuidados que este teste aprendeu na marra, ambos registrados em `docs/mapa-defeitos.md`:
    
        - **Assertar probabilidade, não decisão.** Com 2 rótulos revistos as probabilidades já se
          movem; a primeira decisão só vira com 21. Um oráculo de decisão binária dá o defeito por
          inexistente numa faixa larga.
        - **Renomear o motor não serve de experimento.** `maquina_risco` é a média **do grupo**;
          renomear o grupo inteiro preserva a média, e partir o grupo mexe nas janelas móveis — o que
          mediria D09, não D02. Mexer só na coluna de rótulo isola o mecanismo.
        """
        revisado = lote_teste.copy()
        do_motor = revisado.index[revisado["id_maquina"] == "M02"]
        revisado.loc[do_motor[:21], "falha_72h"] = 1
    
        intocadas = ["timestamp", "id_maquina", "temperatura_c", "vibracao_rms", "pressao",
                     "corrente_a", "rpm", "horas_operacao", "id_operador", "turno"]
        assert revisado[intocadas].equals(lote_teste[intocadas])
    
        _, antes, _ = harness.prever_com_vazamento(lote_teste, versao)
        _, depois, _ = harness.prever_com_vazamento(revisado, versao)
    
        mudaram = int((antes != depois).sum())
&gt;       assert mudaram == 0, (
            f"{versao}: rever 21 de 168 rótulos de M02, sem tocar em nenhum sensor, mudou "
            f"{mudaram} de {len(antes)} probabilidades; |Δ| máximo = "
            f"{np.abs(antes - depois).max():.6f}"
        )
E       AssertionError: v2: rever 21 de 168 rótulos de M02, sem tocar em nenhum sensor, mudou 168 de 4200 probabilidades; |Δ| máximo = 0.080209
E       assert 168 == 0

tests/test_vazamento_alvo.py:119: AssertionError</failure></testcase><testcase classname="tests.test_vazamento_alvo" name="test_metricas_com_e_sem_vazamento_sao_iguais[v1]" time="0.237"><failure message="AssertionError: v1: o vazamento infla Δrecall=+0.46 pp, ΔF2=+10.41 pp, ΔPR-AUC=+28.68 pp&#10;assert (0.0045801526...1985846253844) == approx((0.0 ±....0 ± 1.0e-09))&#10;  &#10;  comparison failed. Mismatched elements: 3 / 3:&#10;  Max absolute difference: 0.28681985846253844&#10;  Max relative difference: 1.0&#10;  Index | Obtained             | Expected     &#10;  0     | 0.004580152671755711 | 0.0 ± 1.0e-09&#10;  1     | 0.10414556273951125  | 0.0 ± 1.0e-09&#10;  2     | 0.28681985846253844  | 0.0 ± 1.0e-09">lote_teste =                 timestamp id_maquina  ...  horas_operacao falha_72h
0     2026-06-01 00:00:00        M01  ...         ...         7319.0         0
4199  2026-06-07 23:00:00        M25  ...         16559.0         0

[4200 rows x 13 columns]
versao = 'v1'

    @pytest.mark.defeito
    @pytest.mark.xfail(strict=True, reason="D02 — o vazamento infla recall, F2 e PR-AUC; no teste a PR-AUC da v1 sobe 28,68 pp")
    @pytest.mark.parametrize("versao", ["v1", "v2"])
    def test_metricas_com_e_sem_vazamento_sao_iguais(lote_teste, versao):
        """Δrecall, ΔF2 e ΔPR-AUC têm de ser zero. O que sobra é a inflação."""
        y, proba_com, pred_com = harness.prever_com_vazamento(lote_teste, versao)
        _, proba_sem, pred_sem = harness.prever_sem_vazamento(lote_teste, versao)
    
        d_recall = sn.avaliacao.metricas(y, pred_com)["recall"] - sn.avaliacao.metricas(y, pred_sem)["recall"]
        d_f2 = metricas.fbeta(y, pred_com, 2.0) - metricas.fbeta(y, pred_sem, 2.0)
        d_prauc = metricas.average_precision(y, proba_com) - metricas.average_precision(y, proba_sem)
    
&gt;       assert (abs(d_recall), abs(d_f2), abs(d_prauc)) == pytest.approx((0.0, 0.0, 0.0), abs=1e-9), (
            f"{versao}: o vazamento infla Δrecall={100*d_recall:+.2f} pp, ΔF2={100*d_f2:+.2f} pp, "
            f"ΔPR-AUC={100*d_prauc:+.2f} pp"
        )
E       AssertionError: v1: o vazamento infla Δrecall=+0.46 pp, ΔF2=+10.41 pp, ΔPR-AUC=+28.68 pp
E       assert (0.0045801526...1985846253844) == approx((0.0 ±....0 ± 1.0e-09))
E         
E         comparison failed. Mismatched elements: 3 / 3:
E         Max absolute difference: 0.28681985846253844
E         Max relative difference: 1.0
E         Index | Obtained             | Expected     
E         0     | 0.004580152671755711 | 0.0 ± 1.0e-09
E         1     | 0.10414556273951125  | 0.0 ± 1.0e-09
E         2     | 0.28681985846253844  | 0.0 ± 1.0e-09

tests/test_vazamento_alvo.py:138: AssertionError</failure></testcase><testcase classname="tests.test_vazamento_alvo" name="test_metricas_com_e_sem_vazamento_sao_iguais[v2]" time="0.335"><failure message="AssertionError: v2: o vazamento infla Δrecall=+11.60 pp, ΔF2=+14.12 pp, ΔPR-AUC=+13.99 pp&#10;assert (0.1160305343...2657359894356) == approx((0.0 ±....0 ± 1.0e-09))&#10;  &#10;  comparison failed. Mismatched elements: 3 / 3:&#10;  Max absolute difference: 0.14121450179714157&#10;  Max relative difference: 1.0&#10;  Index | Obtained            | Expected     &#10;  0     | 0.11603053435114508 | 0.0 ± 1.0e-09&#10;  1     | 0.14121450179714157 | 0.0 ± 1.0e-09&#10;  2     | 0.13992657359894356 | 0.0 ± 1.0e-09">lote_teste =                 timestamp id_maquina  ...  horas_operacao falha_72h
0     2026-06-01 00:00:00        M01  ...         ...         7319.0         0
4199  2026-06-07 23:00:00        M25  ...         16559.0         0

[4200 rows x 13 columns]
versao = 'v2'

    @pytest.mark.defeito
    @pytest.mark.xfail(strict=True, reason="D02 — o vazamento infla recall, F2 e PR-AUC; no teste a PR-AUC da v1 sobe 28,68 pp")
    @pytest.mark.parametrize("versao", ["v1", "v2"])
    def test_metricas_com_e_sem_vazamento_sao_iguais(lote_teste, versao):
        """Δrecall, ΔF2 e ΔPR-AUC têm de ser zero. O que sobra é a inflação."""
        y, proba_com, pred_com = harness.prever_com_vazamento(lote_teste, versao)
        _, proba_sem, pred_sem = harness.prever_sem_vazamento(lote_teste, versao)
    
        d_recall = sn.avaliacao.metricas(y, pred_com)["recall"] - sn.avaliacao.metricas(y, pred_sem)["recall"]
        d_f2 = metricas.fbeta(y, pred_com, 2.0) - metricas.fbeta(y, pred_sem, 2.0)
        d_prauc = metricas.average_precision(y, proba_com) - metricas.average_precision(y, proba_sem)
    
&gt;       assert (abs(d_recall), abs(d_f2), abs(d_prauc)) == pytest.approx((0.0, 0.0, 0.0), abs=1e-9), (
            f"{versao}: o vazamento infla Δrecall={100*d_recall:+.2f} pp, ΔF2={100*d_f2:+.2f} pp, "
            f"ΔPR-AUC={100*d_prauc:+.2f} pp"
        )
E       AssertionError: v2: o vazamento infla Δrecall=+11.60 pp, ΔF2=+14.12 pp, ΔPR-AUC=+13.99 pp
E       assert (0.1160305343...2657359894356) == approx((0.0 ±....0 ± 1.0e-09))
E         
E         comparison failed. Mismatched elements: 3 / 3:
E         Max absolute difference: 0.14121450179714157
E         Max relative difference: 1.0
E         Index | Obtained            | Expected     
E         0     | 0.11603053435114508 | 0.0 ± 1.0e-09
E         1     | 0.14121450179714157 | 0.0 ± 1.0e-09
E         2     | 0.13992657359894356 | 0.0 ± 1.0e-09

tests/test_vazamento_alvo.py:138: AssertionError</failure></testcase></testsuite></testsuites>