<?xml version="1.0" encoding="utf-8"?><testsuites name="pytest tests"><testsuite name="pytest" errors="0" failures="0" skipped="61" tests="231" time="31.083" timestamp="2026-09-26T02:45:31.804534+00:00" hostname="fa83d08121c0"><properties>
[...]
</properties><testcase classname="tests.test_adversarial" name="test_perturbacao_menor_que_o_ruido_do_sensor_nao_muda_a_decisao[0.1]" time="1.516"><skipped type="pytest.xfail" message="D14 — a decisão muda com perturbação abaixo do ruído de ±1,0 °C do sensor" /></testcase><testcase classname="tests.test_adversarial" name="test_perturbacao_menor_que_o_ruido_do_sensor_nao_muda_a_decisao[0.2]" time="0.001"><skipped type="pytest.xfail" message="D14 — a decisão muda com perturbação abaixo do ruído de ±1,0 °C do sensor" /></testcase><testcase classname="tests.test_adversarial" name="test_perturbacao_menor_que_o_ruido_do_sensor_nao_muda_a_decisao[0.4]" time="0.001"><skipped type="pytest.xfail" message="D14 — a decisão muda com perturbação abaixo do ruído de ±1,0 °C do sensor" /></testcase><testcase classname="tests.test_adversarial" name="test_taxa_de_flip_cresce_com_a_amplitude" time="0.001" /><testcase classname="tests.test_adversarial" name="test_flips_para_baixo_sao_registrados" time="0.000" /><testcase classname="tests.test_adversarial" name="test_v2_nao_e_mais_instavel_que_a_v1[0.1]" time="0.001"><skipped type="pytest.xfail" message="D14 — a v2 vira mais decisões que a v1 sob a mesma perturbação sub-ruído" /></testcase><testcase classname="tests.test_adversarial" name="test_v2_nao_e_mais_instavel_que_a_v1[0.2]" time="0.001"><skipped type="pytest.xfail" message="D14 — a v2 vira mais decisões que a v1 sob a mesma perturbação sub-ruído" /></testcase><testcase classname="tests.test_adversarial" name="test_v2_nao_e_mais_instavel_que_a_v1[0.4]" time="0.001"><skipped type="pytest.xfail" message="D14 — a v2 vira mais decisões que a v1 sob a mesma perturbação sub-ruído" /></testcase><testcase classname="tests.test_adversarial" name="test_mudanca_fisica_real_de_temperatura_muda_a_decisao" time="0.588" /><testcase classname="tests.test_adversarial" name="test_trocar_o_operador_senior_nao_muda_a_decisao" time="0.297"><skipped type="pytest.xfail" message="D06 — trocar o técnico de plantão, sem tocar em sensor, faz alarme sumir" /></testcase><testcase classname="tests.test_adversarial" name="test_trocar_o_turno_nao_muda_a_decisao[1]" time="0.303"><skipped type="pytest.xfail" message="D24 — `turno` é função da hora do timestamp e ainda assim move a decisão: até 10 flips sem confundidor (faixa de 0,71 p.p. entre turnos)" /></testcase><testcase classname="tests.test_adversarial" name="test_trocar_o_turno_nao_muda_a_decisao[2]" time="0.310"><skipped type="pytest.xfail" message="D24 — `turno` é função da hora do timestamp e ainda assim move a decisão: até 10 flips sem confundidor (faixa de 0,71 p.p. entre turnos)" /></testcase><testcase classname="tests.test_adversarial" name="test_trocar_o_turno_nao_muda_a_decisao[3]" time="0.311"><skipped type="pytest.xfail" message="D24 — `turno` é função da hora do timestamp e ainda assim move a decisão: até 10 flips sem confundidor (faixa de 0,71 p.p. entre turnos)" /></testcase><testcase classname="tests.test_adversarial" name="test_converter_a_pressao_para_a_outra_unidade_nao_muda_a_decisao" time="0.294"><skipped type="pytest.xfail" message="D03 — a mesma pressão física em psi e em bar produz decisões diferentes" /></testcase><testcase classname="tests.test_adversarial" name="test_dropout_de_vibracao_nao_muda_as_decisoes_da_janela" time="0.293"><skipped type="pytest.xfail" message="D04 — a constante que imputa a vibração ausente decide ordens de manutenção" /></testcase><testcase classname="tests.test_adversarial" name="test_sensibilidade_por_feature_aponta_dependencia_ilegitima" time="2.772" /><testcase classname="tests.test_adversarial_limites" name="test_lote_com_um_motor_so_funciona" time="0.026" /><testcase classname="tests.test_adversarial_limites" name="test_lote_de_valores_identicos_nao_quebra_o_pipeline" time="0.035" /><testcase classname="tests.test_adversarial_limites" name="test_lote_com_uma_linha_nao_produz_maquina_risco_degenerado" time="0.028"><skipped type="pytest.xfail" message="D15 — num lote de uma linha `maquina_risco` vira o próprio rótulo" /></testcase><testcase classname="tests.test_adversarial_limites" name="test_lote_vazio_levanta_erro_claro" time="0.013"><skipped type="pytest.xfail" message="D15 — lote vazio devolve quadro vazio em silêncio, sem erro claro" /></testcase><testcase classname="tests.test_adversarial_limites" name="test_leitura_fisicamente_impossivel_e_rejeitada_antes_da_inferencia" time="0.057"><skipped type="pytest.xfail" message="D21 — o serving aceita leitura fora da faixa física e emite probabilidade" /></testcase><testcase classname="tests.test_adversarial_limites" name="test_lote_com_leitura_duplicada_nao_dobra_o_peso_na_janela" time="0.028"><skipped type="pytest.xfail" message="D16 — leitura reenviada dobra o peso na janela móvel" /></testcase><testcase classname="tests.test_adversarial_limites" name="test_painel_de_um_registro_concorda_com_o_lote" time="0.134"><skipped type="pytest.xfail" message="D15 — o painel de um registro discorda do lote e perde o alarme" /></testcase><testcase classname="tests.test_contrato_dados" name="test_todas_as_colunas_declaradas_existem[treino]" time="0.025" /><testcase classname="tests.test_contrato_dados" name="test_todas_as_colunas_declaradas_existem[teste]" time="0.001" /><testcase classname="tests.test_contrato_dados" name="test_todas_as_colunas_declaradas_existem[producao]" time="0.008" /><testcase classname="tests.test_contrato_dados" name="test_tipos_das_colunas_batem_com_o_contrato[treino-corrente_a]" time="0.001" /><testcase classname="tests.test_contrato_dados" name="test_tipos_das_colunas_batem_com_o_contrato[treino-falha_72h]" time="0.001" /><testcase classname="tests.test_contrato_dados" name="test_tipos_das_colunas_batem_com_o_contrato[treino-horas_operacao]" time="0.001" /><testcase classname="tests.test_contrato_dados" name="test_tipos_das_colunas_batem_com_o_contrato[treino-id_maquina]" time="0.001" /><testcase classname="tests.test_contrato_dados" name="test_tipos_das_colunas_batem_com_o_contrato[treino-id_operador]" time="0.001" /><testcase classname="tests.test_contrato_dados" name="test_tipos_das_colunas_batem_com_o_contrato[treino-idade_equipamento_meses]" time="0.001" /><testcase classname="tests.test_contrato_dados" name="test_tipos_das_colunas_batem_com_o_contrato[treino-pressao]" time="0.001" /><testcase classname="tests.test_contrato_dados" name="test_tipos_das_colunas_batem_com_o_contrato[treino-rpm]" time="0.003" /><testcase classname="tests.test_contrato_dados" name="test_tipos_das_colunas_batem_com_o_contrato[treino-temperatura_c]" time="0.001" /><testcase classname="tests.test_contrato_dados" name="test_tipos_das_colunas_batem_com_o_contrato[treino-timestamp]" time="0.001" /><testcase classname="tests.test_contrato_dados" name="test_tipos_das_colunas_batem_com_o_contrato[treino-turno]" time="0.001" /><testcase classname="tests.test_contrato_dados" name="test_tipos_das_colunas_batem_com_o_contrato[treino-unidade_pressao]" time="0.001" /><testcase classname="tests.test_contrato_dados" name="test_tipos_das_colunas_batem_com_o_contrato[treino-vibracao_rms]" time="0.001" /><testcase classname="tests.test_contrato_dados" name="test_tipos_das_colunas_batem_com_o_contrato[teste-corrente_a]" time="0.001" /><testcase classname="tests.test_contrato_dados" name="test_tipos_das_colunas_batem_com_o_contrato[teste-falha_72h]" time="0.001" /><testcase classname="tests.test_contrato_dados" name="test_tipos_das_colunas_batem_com_o_contrato[teste-horas_operacao]" time="0.001" /><testcase classname="tests.test_contrato_dados" name="test_tipos_das_colunas_batem_com_o_contrato[teste-id_maquina]" time="0.002" /><testcase classname="tests.test_contrato_dados" name="test_tipos_das_colunas_batem_com_o_contrato[teste-id_operador]" time="0.001" /><testcase classname="tests.test_contrato_dados" name="test_tipos_das_colunas_batem_com_o_contrato[teste-idade_equipamento_meses]" time="0.001" /><testcase classname="tests.test_contrato_dados" name="test_tipos_das_colunas_batem_com_o_contrato[teste-pressao]" time="0.001" /><testcase classname="tests.test_contrato_dados" name="test_tipos_das_colunas_batem_com_o_contrato[teste-rpm]" time="0.001" /><testcase classname="tests.test_contrato_dados" name="test_tipos_das_colunas_batem_com_o_contrato[teste-temperatura_c]" time="0.001" /><testcase classname="tests.test_contrato_dados" name="test_tipos_das_colunas_batem_com_o_contrato[teste-timestamp]" time="0.001" /><testcase classname="tests.test_contrato_dados" name="test_tipos_das_colunas_batem_com_o_contrato[teste-turno]" time="0.001" /><testcase classname="tests.test_contrato_dados" name="test_tipos_das_colunas_batem_com_o_contrato[teste-unidade_pressao]" time="0.001" /><testcase classname="tests.test_contrato_dados" name="test_tipos_das_colunas_batem_com_o_contrato[teste-vibracao_rms]" time="0.001" /><testcase classname="tests.test_contrato_dados" name="test_tipos_das_colunas_batem_com_o_contrato[producao-corrente_a]" time="0.001" /><testcase classname="tests.test_contrato_dados" name="test_tipos_das_colunas_batem_com_o_contrato[producao-falha_72h]" time="0.001" /><testcase classname="tests.test_contrato_dados" name="test_tipos_das_colunas_batem_com_o_contrato[producao-horas_operacao]" time="0.001" /><testcase classname="tests.test_contrato_dados" name="test_tipos_das_colunas_batem_com_o_contrato[producao-id_maquina]" time="0.001" /><testcase classname="tests.test_contrato_dados" name="test_tipos_das_colunas_batem_com_o_contrato[producao-id_operador]" time="0.001" /><testcase classname="tests.test_contrato_dados" name="test_tipos_das_colunas_batem_com_o_contrato[producao-idade_equipamento_meses]" time="0.001" /><testcase classname="tests.test_contrato_dados" name="test_tipos_das_colunas_batem_com_o_contrato[producao-pressao]" time="0.001" /><testcase classname="tests.test_contrato_dados" name="test_tipos_das_colunas_batem_com_o_contrato[producao-rpm]" time="0.001" /><testcase classname="tests.test_contrato_dados" name="test_tipos_das_colunas_batem_com_o_contrato[producao-temperatura_c]" time="0.001" /><testcase classname="tests.test_contrato_dados" name="test_tipos_das_colunas_batem_com_o_contrato[producao-timestamp]" time="0.001" /><testcase classname="tests.test_contrato_dados" name="test_tipos_das_colunas_batem_com_o_contrato[producao-turno]" time="0.001" /><testcase classname="tests.test_contrato_dados" name="test_tipos_das_colunas_batem_com_o_contrato[producao-unidade_pressao]" time="0.001" /><testcase classname="tests.test_contrato_dados" name="test_tipos_das_colunas_batem_com_o_contrato[producao-vibracao_rms]" time="0.001" /><testcase classname="tests.test_contrato_dados" name="test_temperatura_esta_na_faixa_da_ficha[treino]" time="0.002" /><testcase classname="tests.test_contrato_dados" name="test_temperatura_esta_na_faixa_da_ficha[teste]" time="0.001" /><testcase classname="tests.test_contrato_dados" name="test_temperatura_esta_na_faixa_da_ficha[producao]" time="0.001" /><testcase classname="tests.test_contrato_dados" name="test_corrente_esta_na_faixa_da_ficha[treino]" time="0.002" /><testcase classname="tests.test_contrato_dados" name="test_corrente_esta_na_faixa_da_ficha[teste]" time="0.001" /><testcase classname="tests.test_contrato_dados" name="test_corrente_esta_na_faixa_da_ficha[producao]" time="0.001" /><testcase classname="tests.test_contrato_dados" name="test_idade_equipamento_esta_na_faixa_da_ficha[treino]" time="0.002" /><testcase classname="tests.test_contrato_dados" name="test_idade_equipamento_esta_na_faixa_da_ficha[teste]" time="0.001" /><testcase classname="tests.test_contrato_dados" name="test_idade_equipamento_esta_na_faixa_da_ficha[producao]" time="0.001" /><testcase classname="tests.test_contrato_dados" name="test_rpm_esta_na_faixa_da_ficha[treino]" time="0.002"><skipped type="pytest.xfail" message="D17 — `limpar` não valida faixa: há rpm acima de 1.800 atravessando o pipeline" /></testcase><testcase classname="tests.test_contrato_dados" name="test_rpm_esta_na_faixa_da_ficha[teste]" time="0.001" /><testcase classname="tests.test_contrato_dados" name="test_rpm_esta_na_faixa_da_ficha[producao]" time="0.001"><skipped type="pytest.xfail" message="D17 — `limpar` não valida faixa: há rpm acima de 1.800 atravessando o pipeline" /></testcase><testcase classname="tests.test_contrato_dados" name="test_pressao_convertida_esta_na_faixa_da_ficha[treino]" time="0.009"><skipped type="pytest.xfail" message="D17 — `limpar` não valida faixa: há pressão fora de 3,0–4,5 bar mesmo após converter psi" /></testcase><testcase classname="tests.test_contrato_dados" name="test_pressao_convertida_esta_na_faixa_da_ficha[teste]" time="0.004" /><testcase classname="tests.test_contrato_dados" name="test_pressao_convertida_esta_na_faixa_da_ficha[producao]" time="0.004"><skipped type="pytest.xfail" message="D17 — `limpar` não valida faixa: há pressão fora de 3,0–4,5 bar mesmo após converter psi" /></testcase><testcase classname="tests.test_contrato_dados" name="test_unidade_pressao_so_tem_valores_conhecidos[treino]" time="0.013" /><testcase classname="tests.test_contrato_dados" name="test_unidade_pressao_so_tem_valores_conhecidos[teste]" time="0.005" /><testcase classname="tests.test_contrato_dados" name="test_unidade_pressao_so_tem_valores_conhecidos[producao]" time="0.004" /><testcase classname="tests.test_contrato_dados" name="test_id_operador_segue_o_padrao_op_nn[treino]" time="0.018" /><testcase classname="tests.test_contrato_dados" name="test_id_operador_segue_o_padrao_op_nn[teste]" time="0.005" /><testcase classname="tests.test_contrato_dados" name="test_id_operador_segue_o_padrao_op_nn[producao]" time="0.005" /><testcase classname="tests.test_contrato_dados" name="test_turno_so_tem_um_dois_ou_tres[treino]" time="0.002" /><testcase classname="tests.test_contrato_dados" name="test_turno_so_tem_um_dois_ou_tres[teste]" time="0.001" /><testcase classname="tests.test_contrato_dados" name="test_turno_so_tem_um_dois_ou_tres[producao]" time="0.001" /><testcase classname="tests.test_contrato_dados" name="test_alvo_e_binario_e_a_prevalencia_esta_registrada[treino]" time="0.003" /><testcase classname="tests.test_contrato_dados" name="test_alvo_e_binario_e_a_prevalencia_esta_registrada[teste]" time="0.001" /><testcase classname="tests.test_contrato_dados" name="test_alvo_e_binario_e_a_prevalencia_esta_registrada[producao]" time="0.001" /><testcase classname="tests.test_contrato_dados" name="test_chave_id_maquina_timestamp_e_unica[treino]" time="0.003" /><testcase classname="tests.test_contrato_dados" name="test_chave_id_maquina_timestamp_e_unica[teste]" time="0.002" /><testcase classname="tests.test_contrato_dados" name="test_chave_id_maquina_timestamp_e_unica[producao]" time="0.002" /><testcase classname="tests.test_contrato_dados" name="test_somente_vibracao_tem_valores_ausentes[treino]" time="0.005" /><testcase classname="tests.test_contrato_dados" name="test_somente_vibracao_tem_valores_ausentes[teste]" time="0.002" /><testcase classname="tests.test_contrato_dados" name="test_somente_vibracao_tem_valores_ausentes[producao]" time="0.002" /><testcase classname="tests.test_contrato_dados" name="test_conjuntos_nao_se_sobrepoem_no_tempo" time="0.007" /><testcase classname="tests.test_estatistico_drift" name="test_media_da_temperatura_nao_acusa_drift_entre_teste_e_producao" time="0.036" /><testcase classname="tests.test_estatistico_drift" name="test_ks_acusa_drift_na_temperatura" time="0.004" /><testcase classname="tests.test_estatistico_drift" name="test_psi_acusa_drift_na_temperatura" time="0.001" /><testcase classname="tests.test_estatistico_drift" name="test_distribuicoes_de_entrada_sao_as_mesmas_entre_teste_e_producao" time="0.039"><skipped type="pytest.xfail" message="D13 — 5 das 6 colunas de sensor mudaram de distribuição e a média não acusa nenhuma" /></testcase><testcase classname="tests.test_estatistico_drift" name="test_taxa_de_dropout_de_vibracao_e_estavel_entre_conjuntos" time="0.001" /><testcase classname="tests.test_estatistico_drift" name="test_proporcao_de_psi_e_estavel_entre_conjuntos" time="0.006" /><testcase classname="tests.test_estatistico_drift" name="test_prevalencia_do_alvo_e_estavel_entre_conjuntos" time="0.001" /><testcase classname="tests.test_estatistico_limiar_calibracao" name="test_varredura_de_limiar_cobre_precisao_e_recall" time="0.308" /><testcase classname="tests.test_estatistico_limiar_calibracao" name="test_recall_com_precisao_minima_existe_para_a_v1" time="0.001" /><testcase classname="tests.test_estatistico_limiar_calibracao" name="test_limiar_0_5_maximiza_f2[v1]" time="0.006"><skipped type="pytest.xfail" message="D11 — o 0,5 do sistema não maximiza F2: v2 tem ótimo em 0,20 (+0,0865 de F2)" /></testcase><testcase classname="tests.test_estatistico_limiar_calibracao" name="test_limiar_0_5_maximiza_f2[v2]" time="0.006"><skipped type="pytest.xfail" message="D11 — o 0,5 do sistema não maximiza F2: v2 tem ótimo em 0,20 (+0,0865 de F2)" /></testcase><testcase classname="tests.test_estatistico_limiar_calibracao" name="test_limiar_de_custo_minimo_e_0_5[v1]" time="0.001" /><testcase classname="tests.test_estatistico_limiar_calibracao" name="test_limiar_de_custo_minimo_e_0_5[v2]" time="0.001"><skipped type="pytest.xfail" message="D11 — herdar o limiar 0,5 da v1 custa 2.605 a mais na v2 (4.393 contra 1.788)" /></testcase><testcase classname="tests.test_estatistico_limiar_calibracao" name="test_brier_da_v1_e_da_v2" time="0.001" /><testcase classname="tests.test_estatistico_limiar_calibracao" name="test_ece_por_versao_fica_abaixo_de_cinco_pontos[v1]" time="0.001"><skipped type="pytest.xfail" message="D12 — ECE de 19,06 p.p. (v1) e 5,76 p.p. (v2) contra o teto de 5 p.p." /></testcase><testcase classname="tests.test_estatistico_limiar_calibracao" name="test_ece_por_versao_fica_abaixo_de_cinco_pontos[v2]" time="0.001"><skipped type="pytest.xfail" message="D12 — ECE de 19,06 p.p. (v1) e 5,76 p.p. (v2) contra o teto de 5 p.p." /></testcase><testcase classname="tests.test_estatistico_limiar_calibracao" name="test_curva_de_confiabilidade_e_monotona[v1]" time="0.001"><skipped type="pytest.xfail" message="D12 — a frequência observada cai ao subir de faixa: 3 quebras na v1, 1 na v2" /></testcase><testcase classname="tests.test_estatistico_limiar_calibracao" name="test_curva_de_confiabilidade_e_monotona[v2]" time="0.001"><skipped type="pytest.xfail" message="D12 — a frequência observada cai ao subir de faixa: 3 quebras na v1, 1 na v2" /></testcase><testcase classname="tests.test_estatistico_limiar_calibracao" name="test_probabilidade_media_prevista_bate_com_a_frequencia_observada_por_faixa[v1]" time="0.001"><skipped type="pytest.xfail" message="D12 — superconfiança nas 20 faixas: gap máximo 0,4227 (v1) e 0,3140 (v2)" /></testcase><testcase classname="tests.test_estatistico_limiar_calibracao" name="test_probabilidade_media_prevista_bate_com_a_frequencia_observada_por_faixa[v2]" time="0.001"><skipped type="pytest.xfail" message="D12 — superconfiança nas 20 faixas: gap máximo 0,4227 (v1) e 0,3140 (v2)" /></testcase><testcase classname="tests.test_estatistico_v1_v2" name="test_acuracia_do_preditor_sempre_zero_e_a_linha_de_base_honesta" time="0.580" /><testcase classname="tests.test_estatistico_v1_v2" name="test_v2_ganha_acuracia_sobre_v1" time="0.288" /><testcase classname="tests.test_estatistico_v1_v2" name="test_v2_nao_regride_recall_em_relacao_a_v1" time="0.001"><skipped type="pytest.xfail" message="D11 — a v2 perde 23,97 pp de recall: 157 falhas reais a mais que a v1 deixa passar" /></testcase><testcase classname="tests.test_estatistico_v1_v2" name="test_intervalo_pareado_da_diferenca_de_recall_nao_contem_zero" time="0.347" /><testcase classname="tests.test_estatistico_v1_v2" name="test_mcnemar_exato_acusa_diferenca_entre_v1_e_v2" time="0.002" /><testcase classname="tests.test_estatistico_v1_v2" name="test_mcnemar_concorda_com_o_intervalo_pareado" time="0.346" /><testcase classname="tests.test_estatistico_v1_v2" name="test_pr_auc_da_v2_nao_e_pior_que_a_da_v1[teste]" time="0.002" /><testcase classname="tests.test_estatistico_v1_v2" name="test_pr_auc_da_v2_nao_e_pior_que_a_da_v1[producao]" time="0.002"><skipped type="pytest.xfail" message="D11 — em produção a PR-AUC da v2 fica 0,54 pp abaixo da v1" /></testcase><testcase classname="tests.test_estatistico_v1_v2" name="test_f2_favorece_a_versao_com_mais_recall" time="0.001" /><testcase classname="tests.test_estatistico_v1_v2" name="test_acuracia_nao_separa_a_versao_boa_da_ruim" time="0.001" /><testcase classname="tests.test_features" name="test_construir_devolve_as_treze_colunas_na_ordem_canonica" time="0.019" /><testcase classname="tests.test_features" name="test_construir_preserva_a_quantidade_de_linhas" time="0.018" /><testcase classname="tests.test_features" name="test_construir_nao_produz_nan" time="0.019" /><testcase classname="tests.test_features" name="test_construir_preserva_a_ordem_de_entrada_sob_embaralhamento" time="0.030" /><testcase classname="tests.test_features" name="test_janelas_moveis_nao_atravessam_motores" time="0.032" /><testcase classname="tests.test_features" name="test_operador_senior_marca_somente_op_07" time="0.019" /><testcase classname="tests.test_features" name="test_construir_exige_as_colunas_obrigatorias_com_value_error" time="0.008" /><testcase classname="tests.test_features" name="test_temp_max_24h_nao_muda_quando_so_o_futuro_muda" time="0.033" /><testcase classname="tests.test_features" name="test_vib_media_6h_nao_muda_quando_so_o_futuro_muda" time="0.033" /><testcase classname="tests.test_features" name="test_temp_media_6h_nao_muda_quando_so_o_futuro_muda" time="0.035"><skipped type="pytest.xfail" message="D01 — `rolling(6, center=True)` faz a janela ser [t-2, t+3]: a feature de agora usa leitura que a planta só terá em 3 h" /></testcase><testcase classname="tests.test_features" name="test_delta_temp_24h_compara_com_a_leitura_de_vinte_e_quatro_horas_antes" time="0.016"><skipped type="pytest.xfail" message="D08 — `shift(24)` conta linhas, não horas: após um furo no historiador é outra grandeza" /></testcase><testcase classname="tests.test_features" name="test_construir_e_estavel_entre_o_lote_inteiro_e_um_recorte" time="0.031"><skipped type="pytest.xfail" message="D09 — `center=True`, `min_periods=1` e `maquina_risco` por lote: reprocessar dá outra resposta" /></testcase><testcase classname="tests.test_features" name="test_construir_aceita_indice_duplicado_sem_multiplicar_linhas" time="0.045"><skipped type="pytest.xfail" message="D10 — `saida.loc[df.index, …]` com rótulos repetidos multiplica as linhas" /></testcase><testcase classname="tests.test_features" name="test_construir_nomeia_a_coluna_faltante_tambem_para_pressao_e_rpm[pressao]" time="0.016"><skipped type="pytest.xfail" message="D15 — a checagem de colunas cobre 4 das 11 que `construir` consome; o resto vira KeyError" /></testcase><testcase classname="tests.test_features" name="test_construir_nomeia_a_coluna_faltante_tambem_para_pressao_e_rpm[rpm]" time="0.017"><skipped type="pytest.xfail" message="D15 — a checagem de colunas cobre 4 das 11 que `construir` consome; o resto vira KeyError" /></testcase><testcase classname="tests.test_features" name="test_temperatura_ausente_nao_e_silenciosamente_imputada" time="0.016"><skipped type="pytest.xfail" message="D20 — `min_periods=1` ignora o NaN e transforma buraco de sensor em número confiante" /></testcase><testcase classname="tests.test_modelo_contrato" name="test_carregar_versao_desconhecida_levanta_value_error" time="0.001" /><testcase classname="tests.test_modelo_contrato" name="test_matriz_rejeita_nan_e_infinito" time="0.018" /><testcase classname="tests.test_modelo_contrato" name="test_matriz_rejeita_forma_errada" time="0.001" /><testcase classname="tests.test_modelo_contrato" name="test_prever_proba_independe_da_ordem_das_colunas_do_dataframe" time="0.038" /><testcase classname="tests.test_modelo_contrato" name="test_prever_usa_limiar_maior_ou_igual" time="0.037" /><testcase classname="tests.test_modelo_contrato" name="test_prever_registro_respeita_as_chaves_do_dicionario" time="0.933"><skipped type="pytest.xfail" message="D07 — `prever_registro` monta o vetor por `.values()` e ignora as chaves" /></testcase><testcase classname="tests.test_modelo_contrato" name="test_prever_registro_rejeita_dicionario_com_chave_desconhecida" time="0.023"><skipped type="pytest.xfail" message="D07 — chave desconhecida entra como feature em vez de virar erro" /></testcase><testcase classname="tests.test_pipeline_e2e" name="test_pipeline_devolve_decisao_binaria_para_cada_leitura" time="0.111" /><testcase classname="tests.test_pipeline_e2e" name="test_pipeline_nao_perde_linhas_silenciosamente" time="0.047"><skipped type="pytest.xfail" message="D05 — `limpo[limpo['rpm'] &gt;= 1.0]` descarta leituras sem registro: o painel mostra menos motores do que o historiador mandou, e ninguém é avisado" /></testcase><testcase classname="tests.test_preprocessamento" name="test_limpar_nao_modifica_o_quadro_de_entrada" time="0.009" /><testcase classname="tests.test_preprocessamento" name="test_limpar_converte_timestamp_para_datetime" time="0.008" /><testcase classname="tests.test_preprocessamento" name="test_limpar_normaliza_id_maquina_e_operador_para_maiusculo" time="0.010" /><testcase classname="tests.test_preprocessamento" name="test_limpar_normaliza_unidade_pressao_para_minusculo" time="0.008" /><testcase classname="tests.test_preprocessamento" name="test_limpar_e_idempotente" time="0.012" /><testcase classname="tests.test_preprocessamento" name="test_limpar_converte_pressao_de_psi_para_bar" time="0.012"><skipped type="pytest.xfail" message="D03 — `unidade_pressao` é normalizada mas nunca usada: psi entra como se fosse bar" /></testcase><testcase classname="tests.test_preprocessamento" name="test_limpar_rejeita_unidade_de_pressao_desconhecida" time="0.008"><skipped type="pytest.xfail" message="D19 — só `.lower()` em `unidade_pressao`, sem validar o domínio" /></testcase><testcase classname="tests.test_preprocessamento" name="test_vibracao_imputada_fica_na_faixa_fisica_do_sensor" time="0.009"><skipped type="pytest.xfail" message="D04 — `fillna(0.0)` imputa 0,0 mm/s, fora da faixa física 1,2–8,0 do sensor" /></testcase><testcase classname="tests.test_preprocessamento" name="test_limpar_nao_descarta_linhas_silenciosamente" time="0.031"><skipped type="pytest.xfail" message="D05 — `limpo[limpo['rpm'] &gt;= 1.0]` descarta linhas sem registro auditável" /></testcase><testcase classname="tests.test_preprocessamento" name="test_limpar_descarta_so_o_que_a_ficha_chama_de_eixo_parado" time="0.010"><skipped type="pytest.xfail" message="D05 — o corte é em 1,0 rpm, mas a ficha diz que medição válida começa em 1.650" /></testcase><testcase classname="tests.test_preprocessamento" name="test_limpar_desduplica_a_chave_id_maquina_timestamp" time="0.021"><skipped type="pytest.xfail" message="D16 — `limpar` não desduplica `(id_maquina, timestamp)`: reenvio dobra o peso" /></testcase><testcase classname="tests.test_preprocessamento" name="test_limpar_falha_com_mensagem_que_nomeia_a_coluna[turno]" time="0.008"><skipped type="pytest.xfail" message="D18 — `.astype(int)` sem validação: o erro não nomeia a coluna que quebrou" /></testcase><testcase classname="tests.test_preprocessamento" name="test_limpar_falha_com_mensagem_que_nomeia_a_coluna[idade_equipamento_meses]" time="0.008"><skipped type="pytest.xfail" message="D18 — `.astype(int)` sem validação: o erro não nomeia a coluna que quebrou" /></testcase><testcase classname="tests.test_preprocessamento" name="test_limpar_falha_com_mensagem_que_nomeia_a_coluna[id_operador]" time="0.008"><skipped type="pytest.xfail" message="D18 — `.astype(int)` sem validação: o erro não nomeia a coluna que quebrou" /></testcase><testcase classname="tests.test_preprocessamento" name="test_limpar_preserva_rastreabilidade_da_linha_original" time="0.030"><skipped type="pytest.xfail" message="D22 — `reset_index(drop=True)` descarta a rastreabilidade da linha de origem" /></testcase><testcase classname="tests.test_propriedades" name="test_limpar_e_idempotente_para_qualquer_lote" time="0.629" /><testcase classname="tests.test_propriedades" name="test_construir_preserva_a_ordem_para_qualquer_permutacao" time="1.365" /><testcase classname="tests.test_propriedades" name="test_features_ficam_finitas_para_qualquer_lote_valido" time="0.803" /><testcase classname="tests.test_propriedades" name="test_temp_media_6h_esta_entre_o_minimo_e_o_maximo_da_janela" time="0.872" /><testcase classname="tests.test_propriedades" name="test_probabilidade_esta_sempre_em_zero_um" time="1.549" /><testcase classname="tests.test_propriedades" name="test_decisao_e_monotona_no_limiar" time="1.902" /><testcase classname="tests.test_reprodutibilidade" name="test_artefatos_batem_com_o_manifest" time="0.003"><skipped type="pytest.xfail" message="D23 — manifest desatualizado no commit pinado: o sha256 dos três CSVs de dados/ e de artefatos/risco_maquina.json não bate com artefatos/manifest.json" /></testcase><testcase classname="tests.test_reprodutibilidade" name="test_a_divergencia_do_manifest_e_exatamente_a_catalogada_em_d23" time="0.003" /><testcase classname="tests.test_reprodutibilidade" name="test_sut_esta_no_commit_pinado" time="0.002" /><testcase classname="tests.test_reprodutibilidade" name="test_versoes_das_dependencias_batem_com_o_requirements" time="0.011" /><testcase classname="tests.test_reprodutibilidade" name="test_ordem_features_tem_as_treze_colunas_conhecidas" time="0.000" /><testcase classname="tests.test_suite_interna" name="test_validador_retorna_true_quando_passa[validar_schema]" time="0.003" /><testcase classname="tests.test_suite_interna" name="test_validador_retorna_true_quando_passa[validar_faixa]" time="0.003" /><testcase classname="tests.test_suite_interna" name="test_validador_retorna_true_quando_passa[validar_sem_faltantes]" time="0.003" /><testcase classname="tests.test_suite_interna" name="test_validador_retorna_true_quando_passa[validar_chave_unica]" time="0.003" /><testcase classname="tests.test_suite_interna" name="test_validador_retorna_true_quando_passa[validar_unidade_pressao]" time="0.003" /><testcase classname="tests.test_suite_interna" name="test_validador_retorna_true_quando_passa[validar_id_operador]" time="0.003" /><testcase classname="tests.test_suite_interna" name="test_validador_retorna_true_quando_passa[validar_dominio]" time="0.003" /><testcase classname="tests.test_suite_interna" name="test_validador_retorna_true_quando_passa[validar_completude]" time="0.004" /><testcase classname="tests.test_suite_interna" name="test_validador_levanta_value_error_nomeando_a_coluna[validar_schema]" time="0.004" /><testcase classname="tests.test_suite_interna" name="test_validador_levanta_value_error_nomeando_a_coluna[validar_faixa]" time="0.004" /><testcase classname="tests.test_suite_interna" name="test_validador_levanta_value_error_nomeando_a_coluna[validar_sem_faltantes]" time="0.004" /><testcase classname="tests.test_suite_interna" name="test_validador_levanta_value_error_nomeando_a_coluna[validar_chave_unica]" time="0.004" /><testcase classname="tests.test_suite_interna" name="test_validador_levanta_value_error_nomeando_a_coluna[validar_unidade_pressao]" time="0.004" /><testcase classname="tests.test_suite_interna" name="test_validador_levanta_value_error_nomeando_a_coluna[validar_id_operador]" time="0.004" /><testcase classname="tests.test_suite_interna" name="test_validador_levanta_value_error_nomeando_a_coluna[validar_dominio]" time="0.003" /><testcase classname="tests.test_suite_interna" name="test_validador_levanta_value_error_nomeando_a_coluna[validar_completude]" time="0.004" /><testcase classname="tests.test_suite_interna" name="test_fabrica_e_determinista_por_semente" time="0.021" /><testcase classname="tests.test_suite_interna" name="test_lote_da_fabrica_atravessa_o_pipeline" time="0.034" /><testcase classname="tests.test_suite_interna" name="test_perturbar_apenas_o_futuro_nao_toca_o_passado" time="0.006" /><testcase classname="tests.test_suite_interna" name="test_average_precision_e_fbeta_em_casos_calculados_a_mao" time="0.001" /><testcase classname="tests.test_suite_interna" name="test_fbeta_com_beta_um_concorda_com_o_f1_do_sut" time="0.035" /><testcase classname="tests.test_suite_interna" name="test_empates_de_score_entram_num_unico_ponto_de_corte" time="0.001" /><testcase classname="tests.test_suite_interna" name="test_recall_com_precisao_minima_encontra_o_maior_corte_viavel" time="0.001" /><testcase classname="tests.test_suite_interna" name="test_metricas_rejeitam_entrada_invalida_nomeando_o_problema[&lt;lambda&gt;-tamanhos diferentes]" time="0.001" /><testcase classname="tests.test_suite_interna" name="test_metricas_rejeitam_entrada_invalida_nomeando_o_problema[&lt;lambda&gt;-n\xe3o h\xe1 positivos]" time="0.001" /><testcase classname="tests.test_suite_interna" name="test_metricas_rejeitam_entrada_invalida_nomeando_o_problema[&lt;lambda&gt;-beta deve ser positivo]" time="0.001" /><testcase classname="tests.test_suite_interna" name="test_metricas_rejeitam_entrada_invalida_nomeando_o_problema[&lt;lambda&gt;-bin\xe1rio]" time="0.001" /><testcase classname="tests.test_suite_interna" name="test_bootstrap_e_mcnemar_em_casos_de_referencia[ic_contem_a_estimativa_pontual]" time="0.019" /><testcase classname="tests.test_suite_interna" name="test_bootstrap_e_mcnemar_em_casos_de_referencia[predicao_perfeita_da_intervalo_degenerado_em_um]" time="0.019" /><testcase classname="tests.test_suite_interna" name="test_bootstrap_e_mcnemar_em_casos_de_referencia[mesma_semente_da_o_mesmo_intervalo]" time="0.037" /><testcase classname="tests.test_suite_interna" name="test_bootstrap_e_mcnemar_em_casos_de_referencia[pareado_com_modelos_identicos_degenera_em_zero]" time="0.036" /><testcase classname="tests.test_suite_interna" name="test_bootstrap_e_mcnemar_em_casos_de_referencia[pareado_asserta_o_lado_do_intervalo]" time="0.072" /><testcase classname="tests.test_suite_interna" name="test_bootstrap_e_mcnemar_em_casos_de_referencia[mcnemar_conta_os_discordantes_e_concorda_com_binomtest]" time="0.002" /><testcase classname="tests.test_suite_interna" name="test_bootstrap_e_mcnemar_em_casos_de_referencia[mcnemar_sem_discordancia_da_p_igual_a_um]" time="0.001" /><testcase classname="tests.test_suite_interna" name="test_brier_ece_psi_e_ks_em_valores_de_referencia[brier_de_probabilidade_constante]" time="0.001" /><testcase classname="tests.test_suite_interna" name="test_brier_ece_psi_e_ks_em_valores_de_referencia[ece_de_probabilidade_perfeita_e_zero]" time="0.001" /><testcase classname="tests.test_suite_interna" name="test_brier_ece_psi_e_ks_em_valores_de_referencia[ece_e_a_media_ponderada_dos_gaps]" time="0.001" /><testcase classname="tests.test_suite_interna" name="test_brier_ece_psi_e_ks_em_valores_de_referencia[psi_contra_si_mesma_e_zero]" time="0.002" /><testcase classname="tests.test_suite_interna" name="test_brier_ece_psi_e_ks_em_valores_de_referencia[psi_cresce_com_o_deslocamento]" time="0.002" /><testcase classname="tests.test_suite_interna" name="test_brier_ece_psi_e_ks_em_valores_de_referencia[ks_concorda_com_o_scipy]" time="0.003" /><testcase classname="tests.test_suite_interna" name="test_brier_ece_psi_e_ks_em_valores_de_referencia[detectores_ignoram_nan_em_vez_de_propagar]" time="0.001" /><testcase classname="tests.test_suite_interna" name="test_veredito_estatistico_e_estavel_em_duzentas_sementes" time="7.396" /><testcase classname="tests.test_suite_interna" name="test_estado_global_do_sentinela_fica_limpo_entre_testes" time="0.015" /><testcase classname="tests.test_vazamento_alvo" name="test_probabilidade_do_pipeline_nao_muda_se_o_rotulo_for_removido" time="0.331"><skipped type="pytest.xfail" message="D02 — `maquina_risco` é recalculada do rótulo: remover `falha_72h` muda a probabilidade" /></testcase><testcase classname="tests.test_vazamento_alvo" name="test_maquina_risco_nao_depende_do_rotulo_do_proprio_lote" time="0.093"><skipped type="pytest.xfail" message="D02 — a feature é a média de `falha_72h` do grupo quando a coluna está presente" /></testcase><testcase classname="tests.test_vazamento_alvo" name="test_maquina_risco_fica_na_faixa_da_tabela_congelada" time="0.047"><skipped type="pytest.xfail" message="D02 — o valor recalculado (máx. 0,428571) escapa do teto da tabela congelada (0,214286)" /></testcase><testcase classname="tests.test_vazamento_alvo" name="test_revisar_o_rotulo_do_lote_nao_muda_a_predicao[v1]" time="0.236"><skipped type="pytest.xfail" message="D02 — rever o gabarito do lote muda a predição de leituras que não mudaram" /></testcase><testcase classname="tests.test_vazamento_alvo" name="test_revisar_o_rotulo_do_lote_nao_muda_a_predicao[v2]" time="0.330"><skipped type="pytest.xfail" message="D02 — rever o gabarito do lote muda a predição de leituras que não mudaram" /></testcase><testcase classname="tests.test_vazamento_alvo" name="test_metricas_com_e_sem_vazamento_sao_iguais[v1]" time="0.237"><skipped type="pytest.xfail" message="D02 — o vazamento infla recall, F2 e PR-AUC; no teste a PR-AUC da v1 sobe 28,68 pp" /></testcase><testcase classname="tests.test_vazamento_alvo" name="test_metricas_com_e_sem_vazamento_sao_iguais[v2]" time="0.331"><skipped type="pytest.xfail" message="D02 — o vazamento infla recall, F2 e PR-AUC; no teste a PR-AUC da v1 sobe 28,68 pp" /></testcase><testcase classname="tests.test_vazamento_alvo" name="test_tabela_congelada_cobre_os_vinte_e_cinco_motores" time="0.002" /></testsuite></testsuites>